This is pdfTeX, Version 3.141592653-2.6-1.40.22 (TeX Live 2022/dev/Debian) (preloaded format=pdflatex 2022.12.21)  28 DEC 2022 22:50
entering extended mode
 restricted \write18 enabled.
 %&-line parsing enabled.
**refman
(./refman.tex
LaTeX2e <2021-11-15> patch level 1
L3 programming layer <2022-01-21>
(/usr/share/texlive/texmf-dist/tex/latex/base/book.cls
Document Class: book 2021/10/04 v1.4n Standard LaTeX document class
(/usr/share/texlive/texmf-dist/tex/latex/base/bk10.clo
File: bk10.clo 2021/10/04 v1.4n Standard LaTeX file (size option)
)
\c@part=\count185
\c@chapter=\count186
\c@section=\count187
\c@subsection=\count188
\c@subsubsection=\count189
\c@paragraph=\count190
\c@subparagraph=\count191
\c@figure=\count192
\c@table=\count193
\abovecaptionskip=\skip47
\belowcaptionskip=\skip48
\bibindent=\dimen138
)
(/usr/share/texlive/texmf-dist/tex/latex/base/ifthen.sty
Package: ifthen 2020/11/24 v1.1c Standard LaTeX ifthen package (DPC)
)
(/usr/share/texlive/texmf-dist/tex/latex/tools/array.sty
Rollback for package 'array' requested -> date 2016-10-06.
         Best approximation is the release introduced on 2016-10-06.

(/usr/share/texlive/texmf-dist/tex/latex/tools/array-2016-10-06.sty
Package: array 2016/10/06 v2.4d Tabular extension package (FMi)
\col@sep=\dimen139
\extrarowheight=\dimen140
\NC@list=\toks16
\extratabsurround=\skip49
\backup@length=\skip50
))
(/usr/share/texlive/texmf-dist/tex/latex/base/fixltx2e.sty
Package: fixltx2e 2016/12/29 v2.1a fixes to LaTeX (obsolete)
Applying: [2015/01/01] Old fixltx2e package on input line 46.


Package fixltx2e Warning: fixltx2e is not required with releases after 2015
(fixltx2e)                All fixes are now in the LaTeX kernel.
(fixltx2e)                See the latexrelease package for details.

Already applied: [0000/00/00] Old fixltx2e package on input line 53.
) (./doxygen.sty
Package: doxygen 
 (/usr/share/texlive/texmf-dist/tex/latex/base/alltt.sty
Package: alltt 2021/01/29 v2.0g defines alltt environment
)
(/usr/share/texlive/texmf-dist/tex/latex/tools/calc.sty
Package: calc 2017/05/25 v4.3 Infix arithmetic (KKT,FJ)
\calc@Acount=\count194
\calc@Bcount=\count195
\calc@Adimen=\dimen141
\calc@Bdimen=\dimen142
\calc@Askip=\skip51
\calc@Bskip=\skip52
LaTeX Info: Redefining \setlength on input line 80.
LaTeX Info: Redefining \addtolength on input line 81.
\calc@Ccount=\count196
\calc@Cskip=\skip53
)
(/usr/share/texlive/texmf-dist/tex/latex/float/float.sty
Package: float 2001/11/08 v1.3d Float enhancements (AL)
\c@float@type=\count197
\float@exts=\toks17
\float@box=\box50
\@float@everytoks=\toks18
\@floatcapt=\box51
)
(/usr/share/texlive/texmf-dist/tex/latex/tools/verbatim.sty
Package: verbatim 2020-07-07 v1.5u LaTeX2e package for verbatim enhancements
\every@verbatim=\toks19
\verbatim@line=\toks20
\verbatim@in@stream=\read2
)
(/usr/share/texlive/texmf-dist/tex/latex/xcolor/xcolor.sty
Package: xcolor 2021/10/31 v2.13 LaTeX color extensions (UK)

(/usr/share/texlive/texmf-dist/tex/latex/graphics-cfg/color.cfg
File: color.cfg 2016/01/02 v1.6 sample color configuration
)
Package xcolor Info: Driver file: pdftex.def on input line 227.

(/usr/share/texlive/texmf-dist/tex/latex/graphics-def/pdftex.def
File: pdftex.def 2020/10/05 v1.2a Graphics/color driver for pdftex
)
(/usr/share/texlive/texmf-dist/tex/latex/colortbl/colortbl.sty
Package: colortbl 2020/01/04 v1.0e Color table columns (DPC)
\everycr=\toks21
\minrowclearance=\skip54
)
\rownum=\count198
Package xcolor Info: Model `cmy' substituted by `cmy0' on input line 1352.
Package xcolor Info: Model `hsb' substituted by `rgb' on input line 1356.
Package xcolor Info: Model `RGB' extended on input line 1368.
Package xcolor Info: Model `HTML' substituted by `rgb' on input line 1370.
Package xcolor Info: Model `Hsb' substituted by `hsb' on input line 1371.
Package xcolor Info: Model `tHsb' substituted by `hsb' on input line 1372.
Package xcolor Info: Model `HSB' substituted by `hsb' on input line 1373.
Package xcolor Info: Model `Gray' substituted by `gray' on input line 1374.
Package xcolor Info: Model `wave' substituted by `hsb' on input line 1375.
)
(./longtable_doxygen.sty
Package: longtable_doxygen 2014/10/28 v4.11 Multi-page Table package (DPC) - fr
ozen version for doxygen
\LTleft=\skip55
\LTright=\skip56
\LTpre=\skip57
\LTpost=\skip58
\LTchunksize=\count199
\LTcapwidth=\dimen143
\LT@head=\box52
\LT@firsthead=\box53
\LT@foot=\box54
\LT@lastfoot=\box55
\LT@cols=\count266
\LT@rows=\count267
\c@LT@tables=\count268
\c@LT@chunks=\count269
\LT@p@ftn=\toks22
) (./tabu_doxygen.sty
Package: tabu_doxygen 2011/02/26 v2.8 - flexible LaTeX tabulars (FC), frozen ve
rsion for doxygen

(/usr/share/texlive/texmf-dist/tex/latex/varwidth/varwidth.sty
Package: varwidth 2009/03/30 ver 0.92;  Variable-width minipages
\@vwid@box=\box56
\sift@deathcycles=\count270
\@vwid@loff=\dimen144
\@vwid@roff=\dimen145
)
\c@taburow=\count271
\tabu@nbcols=\count272
\tabu@cnt=\count273
\tabu@Xcol=\count274
\tabu@alloc=\count275
\tabu@nested=\count276
\tabu@target=\dimen146
\tabu@spreadtarget=\dimen147
\tabu@naturalX=\dimen148
\tabucolX=\dimen149
\tabu@Xsum=\dimen150
\extrarowdepth=\dimen151
\abovetabulinesep=\dimen152
\belowtabulinesep=\dimen153
\tabustrutrule=\dimen154
\tabu@thebody=\toks23
\tabu@footnotes=\toks24
\tabu@box=\box57
\tabu@arstrutbox=\box58
\tabu@hleads=\box59
\tabu@vleads=\box60
\tabu@cellskip=\skip59
)
(/usr/share/texlive/texmf-dist/tex/latex/fancyvrb/fancyvrb.sty
Package: fancyvrb 2021/12/21 4.1b verbatim text (tvz,hv)

(/usr/share/texlive/texmf-dist/tex/latex/graphics/keyval.sty
Package: keyval 2014/10/28 v1.15 key=value parser (DPC)
\KV@toks@=\toks25
)
\FV@CodeLineNo=\count277
\FV@InFile=\read3
\FV@TabBox=\box61
\c@FancyVerbLine=\count278
\FV@StepNumber=\count279
\FV@OutFile=\write3
)
(/usr/share/texlive/texmf-dist/tex/latex/tools/tabularx.sty
Package: tabularx 2020/01/15 v2.11c `tabularx' package (DPC)
\TX@col@width=\dimen155
\TX@old@table=\dimen156
\TX@old@col=\dimen157
\TX@target=\dimen158
\TX@delta=\dimen159
\TX@cols=\count280
\TX@ftn=\toks26
)
(/usr/share/texlive/texmf-dist/tex/latex/tools/multicol.sty
Package: multicol 2021/10/28 v1.9b multicolumn formatting (FMi)
\c@tracingmulticols=\count281
\mult@box=\box62
\multicol@leftmargin=\dimen160
\c@unbalance=\count282
\c@collectmore=\count283
\doublecol@number=\count284
\multicoltolerance=\count285
\multicolpretolerance=\count286
\full@width=\dimen161
\page@free=\dimen162
\premulticols=\dimen163
\postmulticols=\dimen164
\multicolsep=\skip60
\multicolbaselineskip=\skip61
\partial@page=\box63
\last@line=\box64
\maxbalancingoverflow=\dimen165
\mult@rightbox=\box65
\mult@grightbox=\box66
\mult@firstbox=\box67
\mult@gfirstbox=\box68
\@tempa=\box69
\@tempa=\box70
\@tempa=\box71
\@tempa=\box72
\@tempa=\box73
\@tempa=\box74
\@tempa=\box75
\@tempa=\box76
\@tempa=\box77
\@tempa=\box78
\@tempa=\box79
\@tempa=\box80
\@tempa=\box81
\@tempa=\box82
\@tempa=\box83
\@tempa=\box84
\@tempa=\box85
\@tempa=\box86
\@tempa=\box87
\@tempa=\box88
\@tempa=\box89
\@tempa=\box90
\@tempa=\box91
\@tempa=\box92
\@tempa=\box93
\@tempa=\box94
\@tempa=\box95
\@tempa=\box96
\@tempa=\box97
\@tempa=\box98
\@tempa=\box99
\@tempa=\box100
\@tempa=\box101
\@tempa=\box102
\@tempa=\box103
\@tempa=\box104
\c@minrows=\count287
\c@columnbadness=\count288
\c@finalcolumnbadness=\count289
\last@try=\dimen166
\multicolovershoot=\dimen167
\multicolundershoot=\dimen168
\mult@nat@firstbox=\box105
\colbreak@box=\box106
\mc@col@check@num=\count290
)
(/usr/share/texlive/texmf-dist/tex/latex/multirow/multirow.sty
Package: multirow 2021/03/15 v2.8 Span multiple rows of a table
\multirow@colwidth=\skip62
\multirow@cntb=\count291
\multirow@dima=\skip63
\bigstrutjot=\dimen169
)
(/usr/share/texlive/texmf-dist/tex/latex/hanging/hanging.sty
Package: hanging 2009/09/02 v1.2b hanging paragraphs and punctuation
\h@ngcommawd=\skip64
\h@ngfstopwd=\skip65
\h@ngquotewd=\skip66
\h@ngdquotewd=\skip67
\h@ngquerywd=\skip68
\h@ngexclwd=\skip69
\h@ngcolonwd=\skip70
\h@ngscolonwd=\skip71
)
(/usr/share/texlive/texmf-dist/tex/generic/iftex/ifpdf.sty
Package: ifpdf 2019/10/25 v3.4 ifpdf legacy package. Use iftex instead.

(/usr/share/texlive/texmf-dist/tex/generic/iftex/iftex.sty
Package: iftex 2020/03/06 v1.0d TeX engine tests
))
(/usr/share/texlive/texmf-dist/tex/latex/adjustbox/adjustbox.sty
Package: adjustbox 2020/08/19 v1.3 Adjusting TeX boxes (trim, clip, ...)

(/usr/share/texlive/texmf-dist/tex/latex/xkeyval/xkeyval.sty
Package: xkeyval 2020/11/20 v2.8 package option processing (HA)

(/usr/share/texlive/texmf-dist/tex/generic/xkeyval/xkeyval.tex
(/usr/share/texlive/texmf-dist/tex/generic/xkeyval/xkvutils.tex
\XKV@toks=\toks27
\XKV@tempa@toks=\toks28
)
\XKV@depth=\count292
File: xkeyval.tex 2014/12/03 v2.7a key=value parser (HA)
))
(/usr/share/texlive/texmf-dist/tex/latex/adjustbox/adjcalc.sty
Package: adjcalc 2012/05/16 v1.1 Provides advanced setlength with multiple back
-ends (calc, etex, pgfmath)
)
(/usr/share/texlive/texmf-dist/tex/latex/adjustbox/trimclip.sty
Package: trimclip 2020/08/19 v1.2 Trim and clip general TeX material

(/usr/share/texlive/texmf-dist/tex/latex/graphics/graphicx.sty
Package: graphicx 2021/09/16 v1.2d Enhanced LaTeX Graphics (DPC,SPQR)

(/usr/share/texlive/texmf-dist/tex/latex/graphics/graphics.sty
Package: graphics 2021/03/04 v1.4d Standard LaTeX Graphics (DPC,SPQR)

(/usr/share/texlive/texmf-dist/tex/latex/graphics/trig.sty
Package: trig 2021/08/11 v1.11 sin cos tan (DPC)
)
(/usr/share/texlive/texmf-dist/tex/latex/graphics-cfg/graphics.cfg
File: graphics.cfg 2016/06/04 v1.11 sample graphics configuration
)
Package graphics Info: Driver file: pdftex.def on input line 107.
)
\Gin@req@height=\dimen170
\Gin@req@width=\dimen171
)
(/usr/share/texlive/texmf-dist/tex/latex/collectbox/collectbox.sty
Package: collectbox 2012/05/17 v0.4b Collect macro arguments as boxes
\collectedbox=\box107
)
\tc@llx=\dimen172
\tc@lly=\dimen173
\tc@urx=\dimen174
\tc@ury=\dimen175
Package trimclip Info: Using driver 'tc-pdftex.def'.

(/usr/share/texlive/texmf-dist/tex/latex/adjustbox/tc-pdftex.def
File: tc-pdftex.def 2019/01/04 v2.2 Clipping driver for pdftex
))
\adjbox@Width=\dimen176
\adjbox@Height=\dimen177
\adjbox@Depth=\dimen178
\adjbox@Totalheight=\dimen179
\adjbox@pwidth=\dimen180
\adjbox@pheight=\dimen181
\adjbox@pdepth=\dimen182
\adjbox@ptotalheight=\dimen183

(/usr/share/texlive/texmf-dist/tex/latex/ifoddpage/ifoddpage.sty
Package: ifoddpage 2016/04/23 v1.1 Conditionals for odd/even page detection
\c@checkoddpage=\count293
))
(/usr/share/texlive/texmf-dist/tex/latex/amsfonts/amssymb.sty
Package: amssymb 2013/01/14 v3.01 AMS font symbols

(/usr/share/texlive/texmf-dist/tex/latex/amsfonts/amsfonts.sty
Package: amsfonts 2013/01/14 v3.01 Basic AMSFonts support
\@emptytoks=\toks29
\symAMSa=\mathgroup4
\symAMSb=\mathgroup5
LaTeX Font Info:    Redeclaring math symbol \hbar on input line 98.
LaTeX Font Info:    Overwriting math alphabet `\mathfrak' in version `bold'
(Font)                  U/euf/m/n --> U/euf/b/n on input line 106.
))
(/usr/share/texlive/texmf-dist/tex/latex/stackengine/stackengine.sty
Package: stackengine 2021/07/22 v4.11\ Stacking text and objects in convenient 
ways

(/usr/share/texlive/texmf-dist/tex/latex/etoolbox/etoolbox.sty
Package: etoolbox 2020/10/05 v2.5k e-TeX tools for LaTeX (JAW)
\etb@tempcnta=\count294
)
(/usr/share/texlive/texmf-dist/tex/generic/listofitems/listofitems.sty
(/usr/share/texlive/texmf-dist/tex/generic/listofitems/listofitems.tex
\loi_cnt_foreach_nest=\count295
\loi_nestcnt=\count296
)
Package: listofitems 2019/08/21 v1.63 Grab items in lists using user-specified 
sep char (CT)
)
\c@@stackindex=\count297
\@boxshift=\skip72
\stack@tmplength=\skip73
\temp@stkl=\skip74
\@stackedboxwidth=\skip75
\@addedbox=\box108
\@anchorbox=\box109
\@insetbox=\box110
\se@backgroundbox=\box111
\stackedbox=\box112
\@centerbox=\box113
\c@ROWcellindex@=\count298
)
(/usr/share/texlive/texmf-dist/tex/generic/ulem/ulem.sty
\UL@box=\box114
\UL@hyphenbox=\box115
\UL@skip=\skip76
\UL@hook=\toks30
\UL@height=\dimen184
\UL@pe=\count299
\UL@pixel=\dimen185
\ULC@box=\box116
Package: ulem 2019/11/18
\ULdepth=\dimen186
)
\xrefbox=\box117
\xreflength=\skip77
\CodeWidthChar=\skip78
\CodeHeightChar=\skip79
\DoxyCodeWidth=\skip80
)
(/usr/share/texlive/texmf-dist/tex/latex/base/inputenc.sty
Package: inputenc 2021/02/14 v1.3d Input encoding file
\inpenc@prehook=\toks31
\inpenc@posthook=\toks32
)
(/usr/share/texlive/texmf-dist/tex/latex/base/makeidx.sty
Package: makeidx 2021/10/04 v1.0m Standard LaTeX package
)
(/usr/share/texlive/texmf-dist/tex/latex/base/textcomp.sty
Package: textcomp 2020/02/02 v2.0n Standard LaTeX package
)
(/usr/share/texlive/texmf-dist/tex/latex/wasysym/wasysym.sty
Package: wasysym 2020/01/19 v2.4 Wasy-2 symbol support package
\symwasy=\mathgroup6
LaTeX Font Info:    Overwriting symbol font `wasy' in version `bold'
(Font)                  U/wasy/m/n --> U/wasy/b/n on input line 93.
)
(/usr/share/texlive/texmf-dist/tex/generic/iftex/ifxetex.sty
Package: ifxetex 2019/10/25 v0.7 ifxetex legacy package. Use iftex instead.
)
(/usr/share/texlive/texmf-dist/tex/latex/base/fontenc.sty
Package: fontenc 2021/04/29 v2.0v Standard LaTeX package
)
(/usr/share/texlive/texmf-dist/tex/latex/psnfss/helvet.sty
Package: helvet 2020/03/25 PSNFSS-v9.3 (WaS) 
)
(/usr/share/texlive/texmf-dist/tex/latex/psnfss/courier.sty
Package: courier 2020/03/25 PSNFSS-v9.3 (WaS) 
)
(/usr/share/texlive/texmf-dist/tex/latex/sectsty/sectsty.sty
Package: sectsty 2002/02/25 v2.0.2 Commands to change all sectional heading sty
les


LaTeX Warning: Command \underbar  has changed.
               Check if current package is valid.


LaTeX Warning: Command \underline  has changed.
               Check if current package is valid.

) (/usr/share/texlive/texmf-dist/tex/latex/geometry/geometry.sty
Package: geometry 2020/01/02 v5.9 Page Geometry

(/usr/share/texlive/texmf-dist/tex/generic/iftex/ifvtex.sty
Package: ifvtex 2019/10/25 v1.7 ifvtex legacy package. Use iftex instead.
)
\Gm@cnth=\count300
\Gm@cntv=\count301
\c@Gm@tempcnt=\count302
\Gm@bindingoffset=\dimen187
\Gm@wd@mp=\dimen188
\Gm@odd@mp=\dimen189
\Gm@even@mp=\dimen190
\Gm@layoutwidth=\dimen191
\Gm@layoutheight=\dimen192
\Gm@layouthoffset=\dimen193
\Gm@layoutvoffset=\dimen194
\Gm@dimlist=\toks33
)
(/usr/share/texlive/texmf-dist/tex/latex/fancyhdr/fancyhdr.sty
Package: fancyhdr 2021/01/28 v4.0.1 Extensive control of page headers and foote
rs
\f@nch@headwidth=\skip81
\f@nch@O@elh=\skip82
\f@nch@O@erh=\skip83
\f@nch@O@olh=\skip84
\f@nch@O@orh=\skip85
\f@nch@O@elf=\skip86
\f@nch@O@erf=\skip87
\f@nch@O@olf=\skip88
\f@nch@O@orf=\skip89
)
(/usr/share/texlive/texmf-dist/tex/latex/natbib/natbib.sty
Package: natbib 2010/09/13 8.31b (PWD, AO)
\bibhang=\skip90
\bibsep=\skip91
LaTeX Info: Redefining \cite on input line 694.
\c@NAT@ctr=\count303
)
(/usr/share/texlive/texmf-dist/tex/latex/tocloft/tocloft.sty
Package: tocloft 2017/08/31 v2.3i parameterised ToC, etc., typesetting
Package tocloft Info: The document has chapter divisions on input line 51.
\cftparskip=\skip92
\cftbeforetoctitleskip=\skip93
\cftaftertoctitleskip=\skip94
\cftbeforepartskip=\skip95
\cftpartnumwidth=\skip96
\cftpartindent=\skip97
\cftbeforechapskip=\skip98
\cftchapindent=\skip99
\cftchapnumwidth=\skip100
\cftbeforesecskip=\skip101
\cftsecindent=\skip102
\cftsecnumwidth=\skip103
\cftbeforesubsecskip=\skip104
\cftsubsecindent=\skip105
\cftsubsecnumwidth=\skip106
\cftbeforesubsubsecskip=\skip107
\cftsubsubsecindent=\skip108
\cftsubsubsecnumwidth=\skip109
\cftbeforeparaskip=\skip110
\cftparaindent=\skip111
\cftparanumwidth=\skip112
\cftbeforesubparaskip=\skip113
\cftsubparaindent=\skip114
\cftsubparanumwidth=\skip115
\cftbeforeloftitleskip=\skip116
\cftafterloftitleskip=\skip117
\cftbeforefigskip=\skip118
\cftfigindent=\skip119
\cftfignumwidth=\skip120
\c@lofdepth=\count304
\c@lotdepth=\count305
\cftbeforelottitleskip=\skip121
\cftafterlottitleskip=\skip122
\cftbeforetabskip=\skip123
\cfttabindent=\skip124
\cfttabnumwidth=\skip125
)
\@indexfile=\write4
\openout4 = `refman.idx'.


Writing index file refman.idx
(/usr/share/texlive/texmf-dist/tex/latex/newunicodechar/newunicodechar.sty
Package: newunicodechar 2018/04/08 v1.2 Defining Unicode characters
)

Package newunicodechar Warning: Redefining Unicode character on input line 115.



Package newunicodechar Warning: Redefining Unicode character on input line 116.


(/usr/share/texlive/texmf-dist/tex/latex/hyperref/hyperref.sty
Package: hyperref 2021-06-07 v7.00m Hypertext links for LaTeX

(/usr/share/texlive/texmf-dist/tex/generic/ltxcmds/ltxcmds.sty
Package: ltxcmds 2020-05-10 v1.25 LaTeX kernel commands for general use (HO)
)
(/usr/share/texlive/texmf-dist/tex/generic/pdftexcmds/pdftexcmds.sty
Package: pdftexcmds 2020-06-27 v0.33 Utility functions of pdfTeX for LuaTeX (HO
)

(/usr/share/texlive/texmf-dist/tex/generic/infwarerr/infwarerr.sty
Package: infwarerr 2019/12/03 v1.5 Providing info/warning/error messages (HO)
)
Package pdftexcmds Info: \pdf@primitive is available.
Package pdftexcmds Info: \pdf@ifprimitive is available.
Package pdftexcmds Info: \pdfdraftmode found.
)
(/usr/share/texlive/texmf-dist/tex/generic/kvsetkeys/kvsetkeys.sty
Package: kvsetkeys 2019/12/15 v1.18 Key value parser (HO)
)
(/usr/share/texlive/texmf-dist/tex/generic/kvdefinekeys/kvdefinekeys.sty
Package: kvdefinekeys 2019-12-19 v1.6 Define keys (HO)
)
(/usr/share/texlive/texmf-dist/tex/generic/pdfescape/pdfescape.sty
Package: pdfescape 2019/12/09 v1.15 Implements pdfTeX's escape features (HO)
)
(/usr/share/texlive/texmf-dist/tex/latex/hycolor/hycolor.sty
Package: hycolor 2020-01-27 v1.10 Color options for hyperref/bookmark (HO)
)
(/usr/share/texlive/texmf-dist/tex/latex/letltxmacro/letltxmacro.sty
Package: letltxmacro 2019/12/03 v1.6 Let assignment for LaTeX macros (HO)
)
(/usr/share/texlive/texmf-dist/tex/latex/auxhook/auxhook.sty
Package: auxhook 2019-12-17 v1.6 Hooks for auxiliary files (HO)
)
(/usr/share/texlive/texmf-dist/tex/latex/kvoptions/kvoptions.sty
Package: kvoptions 2020-10-07 v3.14 Key value format for package options (HO)
)
\@linkdim=\dimen195
\Hy@linkcounter=\count306
\Hy@pagecounter=\count307

(/usr/share/texlive/texmf-dist/tex/latex/hyperref/pd1enc.def
File: pd1enc.def 2021-06-07 v7.00m Hyperref: PDFDocEncoding definition (HO)
Now handling font encoding PD1 ...
... no UTF-8 mapping file for font encoding PD1
)
(/usr/share/texlive/texmf-dist/tex/latex/hyperref/hyperref-langpatches.def
File: hyperref-langpatches.def 2021-06-07 v7.00m Hyperref: patches for babel la
nguages
)
(/usr/share/texlive/texmf-dist/tex/generic/intcalc/intcalc.sty
Package: intcalc 2019/12/15 v1.3 Expandable calculations with integers (HO)
)
(/usr/share/texlive/texmf-dist/tex/generic/etexcmds/etexcmds.sty
Package: etexcmds 2019/12/15 v1.7 Avoid name clashes with e-TeX commands (HO)
)
\Hy@SavedSpaceFactor=\count308

(/usr/share/texlive/texmf-dist/tex/latex/hyperref/puenc.def
File: puenc.def 2021-06-07 v7.00m Hyperref: PDF Unicode definition (HO)
Now handling font encoding PU ...
... no UTF-8 mapping file for font encoding PU
)
Package hyperref Info: Hyper figures OFF on input line 4192.
Package hyperref Info: Link nesting OFF on input line 4197.
Package hyperref Info: Hyper index ON on input line 4200.
Package hyperref Info: Plain pages OFF on input line 4207.
Package hyperref Info: Backreferencing ON on input line 4210.
Package hyperref Info: Implicit mode ON; LaTeX internals redefined.
Package hyperref Info: Bookmarks ON on input line 4445.

(/usr/share/texlive/texmf-dist/tex/latex/hyperref/backref.sty
Package: backref 2021/02/04 v1.41 Bibliographical back referencing

(/usr/share/texlive/texmf-dist/tex/latex/rerunfilecheck/rerunfilecheck.sty
Package: rerunfilecheck 2019/12/05 v1.9 Rerun checks for auxiliary files (HO)

(/usr/share/texlive/texmf-dist/tex/latex/base/atveryend-ltx.sty
Package: atveryend-ltx 2020/08/19 v1.0a Emulation of the original atveryend pac
kage
with kernel methods
)
(/usr/share/texlive/texmf-dist/tex/generic/uniquecounter/uniquecounter.sty
Package: uniquecounter 2019/12/15 v1.4 Provide unlimited unique counter (HO)

(/usr/share/texlive/texmf-dist/tex/generic/bigintcalc/bigintcalc.sty
Package: bigintcalc 2019/12/15 v1.5 Expandable calculations on big integers (HO
)
))
Package uniquecounter Info: New unique counter `rerunfilecheck' on input line 2
86.
))
\c@Hy@tempcnt=\count309

(/usr/share/texlive/texmf-dist/tex/latex/url/url.sty
\Urlmuskip=\muskip16
Package: url 2013/09/16  ver 3.4  Verb mode for urls, etc.
)
LaTeX Info: Redefining \url on input line 4804.
\XeTeXLinkMargin=\dimen196

(/usr/share/texlive/texmf-dist/tex/generic/bitset/bitset.sty
Package: bitset 2019/12/09 v1.3 Handle bit-vector datatype (HO)
)
\Fld@menulength=\count310
\Field@Width=\dimen197
\Fld@charsize=\dimen198
Package hyperref Info: Hyper figures OFF on input line 6076.
Package hyperref Info: Link nesting OFF on input line 6081.
Package hyperref Info: Hyper index ON on input line 6084.
Package hyperref Info: backreferencing ON on input line 6089.
Package hyperref Info: Link coloring OFF on input line 6096.
Package hyperref Info: Link coloring with OCG OFF on input line 6101.
Package hyperref Info: PDF/A mode OFF on input line 6106.
LaTeX Info: Redefining \ref on input line 6146.
LaTeX Info: Redefining \pageref on input line 6150.

(/usr/share/texlive/texmf-dist/tex/latex/base/atbegshi-ltx.sty
Package: atbegshi-ltx 2021/01/10 v1.0c Emulation of the original atbegshi
package with kernel methods
)
\Hy@abspage=\count311
\c@Item=\count312
\c@Hfootnote=\count313


LaTeX Warning: Command \LT@p@ftntext  has changed.
               Check if current package is valid.

)
Package hyperref Info: Driver: hpdftex.
 (/usr/share/texlive/texmf-dist/tex/latex/hyperref/hpdftex.def
File: hpdftex.def 2021-06-07 v7.00m Hyperref driver for pdfTeX
\Fld@listcount=\count314
\c@bookmark@seq@number=\count315
\Hy@SectionHShift=\skip126
)
Package hyperref Info: Option `colorlinks' set `true' on input line 134.
Package hyperref Info: Option `unicode' set `true' on input line 134.

(/usr/share/texlive/texmf-dist/tex/latex/caption/caption.sty
Package: caption 2020/10/26 v3.5g Customizing captions (AR)

(/usr/share/texlive/texmf-dist/tex/latex/caption/caption3.sty
Package: caption3 2020/10/21 v2.2e caption3 kernel (AR)
\captionmargin=\dimen199
\captionmargin@=\dimen256
\captionwidth=\dimen257
\caption@tempdima=\dimen258
\caption@indent=\dimen259
\caption@parindent=\dimen260
\caption@hangindent=\dimen261
Package caption Info: Standard document class detected.
)
\c@caption@flags=\count316
\c@continuedfloat=\count317
Package caption Info: float package is loaded.
Package caption Info: hyperref package is loaded.
Package caption Info: longtable package is loaded.

(/usr/share/texlive/texmf-dist/tex/latex/caption/ltcaption.sty
Package: ltcaption 2020/05/30 v1.4b longtable captions (AR)
))
(/usr/share/texlive/texmf-dist/tex/latex/etoc/etoc.sty
Package: etoc 2021/09/23 v1.09e Completely customisable TOCs (JFB)
\Etoc@toctoks=\toks34
\c@etoc@tocid=\count318
\c@etoc@tocdepth=\count319
\etoc@framed@titlebox=\box118
\etoc@framed@contentsbox=\box119
)
LaTeX Font Info:    Trying to load font information for T1+phv on input line 14
9.

(/usr/share/texlive/texmf-dist/tex/latex/psnfss/t1phv.fd
File: t1phv.fd 2020/03/25 scalable font definitions for T1/phv.
)
LaTeX Font Info:    Font shape `T1/phv/m/n' will be
(Font)              scaled to size 8.99994pt on input line 149.

(/usr/share/texlive/texmf-dist/tex/latex/l3backend/l3backend-pdftex.def
File: l3backend-pdftex.def 2022-01-12 L3 backend support: PDF output (pdfTeX)
\l__color_backend_stack_int=\count320
\l__pdf_internal_box=\box120
)
(./refman.aux)
\openout1 = `refman.aux'.

LaTeX Font Info:    Checking defaults for OML/cmm/m/it on input line 149.
LaTeX Font Info:    ... okay on input line 149.
LaTeX Font Info:    Checking defaults for OMS/cmsy/m/n on input line 149.
LaTeX Font Info:    ... okay on input line 149.
LaTeX Font Info:    Checking defaults for OT1/cmr/m/n on input line 149.
LaTeX Font Info:    ... okay on input line 149.
LaTeX Font Info:    Checking defaults for T1/cmr/m/n on input line 149.
LaTeX Font Info:    ... okay on input line 149.
LaTeX Font Info:    Checking defaults for TS1/cmr/m/n on input line 149.
LaTeX Font Info:    ... okay on input line 149.
LaTeX Font Info:    Checking defaults for OMX/cmex/m/n on input line 149.
LaTeX Font Info:    ... okay on input line 149.
LaTeX Font Info:    Checking defaults for U/cmr/m/n on input line 149.
LaTeX Font Info:    ... okay on input line 149.
LaTeX Font Info:    Checking defaults for PD1/pdf/m/n on input line 149.
LaTeX Font Info:    ... okay on input line 149.
LaTeX Font Info:    Checking defaults for PU/pdf/m/n on input line 149.
LaTeX Font Info:    ... okay on input line 149.

(/usr/share/texlive/texmf-dist/tex/context/base/mkii/supp-pdf.mkii
[Loading MPS to PDF converter (version 2006.09.02).]
\scratchcounter=\count321
\scratchdimen=\dimen262
\scratchbox=\box121
\nofMPsegments=\count322
\nofMParguments=\count323
\everyMPshowfont=\toks35
\MPscratchCnt=\count324
\MPscratchDim=\dimen263
\MPnumerator=\count325
\makeMPintoPDFobject=\count326
\everyMPtoPDFconversion=\toks36
) (/usr/share/texlive/texmf-dist/tex/latex/epstopdf-pkg/epstopdf-base.sty
Package: epstopdf-base 2020-01-24 v2.11 Base part for package epstopdf
Package epstopdf-base Info: Redefining graphics rule for `.eps' on input line 4
85.

(/usr/share/texlive/texmf-dist/tex/latex/latexconfig/epstopdf-sys.cfg
File: epstopdf-sys.cfg 2010/07/13 v1.3 Configuration of (r)epstopdf for TeX Liv
e
))
*geometry* driver: auto-detecting
*geometry* detected driver: pdftex
*geometry* verbose mode - [ preamble ] result:
* driver: pdftex
* paper: a4paper
* layout: <same size as paper>
* layoutoffset:(h,v)=(0.0pt,0.0pt)
* modes: twoside 
* h-part:(L,W,R)=(71.13188pt, 455.24411pt, 71.13188pt)
* v-part:(T,H,B)=(71.13188pt, 702.78308pt, 71.13188pt)
* \paperwidth=597.50787pt
* \paperheight=845.04684pt
* \textwidth=455.24411pt
* \textheight=702.78308pt
* \oddsidemargin=-1.1381pt
* \evensidemargin=-1.1381pt
* \topmargin=-31.2056pt
* \headheight=12.0pt
* \headsep=18.06749pt
* \topskip=10.0pt
* \footskip=25.29494pt
* \marginparwidth=125.0pt
* \marginparsep=7.0pt
* \columnsep=10.0pt
* \skip\footins=9.0pt plus 4.0pt minus 2.0pt
* \hoffset=0.0pt
* \voffset=0.0pt
* \mag=1000
* \@twocolumnfalse
* \@twosidetrue
* \@mparswitchtrue
* \@reversemarginfalse
* (1in=72.27pt=25.4mm, 1cm=28.453pt)

Package hyperref Info: Link coloring ON on input line 149.
(/usr/share/texlive/texmf-dist/tex/latex/hyperref/nameref.sty
Package: nameref 2021-04-02 v2.47 Cross-referencing by name of section

(/usr/share/texlive/texmf-dist/tex/latex/refcount/refcount.sty
Package: refcount 2019/12/15 v3.6 Data extraction from label references (HO)
)
(/usr/share/texlive/texmf-dist/tex/generic/gettitlestring/gettitlestring.sty
Package: gettitlestring 2019/12/15 v1.6 Cleanup title references (HO)
)
\c@section@level=\count327
)
LaTeX Info: Redefining \ref on input line 149.
LaTeX Info: Redefining \pageref on input line 149.
LaTeX Info: Redefining \nameref on input line 149.

(./refman.out) (./refman.out)
\@outlinefile=\write5
\openout5 = `refman.out'.

Package backref Info: ** backref set up for natbib ** on input line 149.
Package caption Info: Begin \AtBeginDocument code.
Package caption Info: End \AtBeginDocument code.
\Etoc@tf=\read4
Package hyperref Info: Option `pageanchor' set `false' on input line 156.
Package hyperref Info: Option `bookmarksnumbered' set `true' on input line 156.

Package hyperref Info: Option `unicode' set `true' on input line 156.
LaTeX Font Info:    Font shape `T1/phv/m/n' will be
(Font)              scaled to size 12.9599pt on input line 161.
LaTeX Font Info:    Font shape `T1/phv/m/n' will be
(Font)              scaled to size 10.79993pt on input line 163.
 [1


{/var/lib/texmf/fonts/map/pdftex/updmap/pdftex.map}] [2

]
\tf@toc=\write6
\openout6 = `refman.toc'.

LaTeX Font Info:    Font shape `T1/phv/b/n' will be
(Font)              scaled to size 8.99994pt on input line 169.
LaTeX Font Info:    Trying to load font information for U+msa on input line 169
.
 (/usr/share/texlive/texmf-dist/tex/latex/amsfonts/umsa.fd
File: umsa.fd 2013/01/14 v3.01 AMS symbols A
)
LaTeX Font Info:    Trying to load font information for U+msb on input line 169
.

(/usr/share/texlive/texmf-dist/tex/latex/amsfonts/umsb.fd
File: umsb.fd 2013/01/14 v3.01 AMS symbols B
)
LaTeX Font Info:    Trying to load font information for U+wasy on input line 16
9.

(/usr/share/texlive/texmf-dist/tex/latex/wasysym/uwasy.fd
File: uwasy.fd 2020/01/19 v2.4 Wasy-2 symbol font definitions
)
LaTeX Font Info:    Font shape `T1/phv/m/n' will be
(Font)              scaled to size 6.29996pt on input line 169.
LaTeX Font Info:    Font shape `T1/phv/b/n' will be
(Font)              scaled to size 6.29996pt on input line 169.
 [1] [2] [3] [4]
LaTeX Font Info:    Font shape `T1/phv/m/n' will be
(Font)              scaled to size 7.19995pt on input line 169.
LaTeX Font Info:    Trying to load font information for T1+pcr on input line 16
9.

(/usr/share/texlive/texmf-dist/tex/latex/psnfss/t1pcr.fd
File: t1pcr.fd 2001/06/04 font definitions for T1/pcr.
) [5] [6]
Package hyperref Info: Option `pageanchor' set `true' on input line 171.

Chapter 1.
LaTeX Font Info:    Font shape `T1/phv/m/n' will be
(Font)              scaled to size 18.66588pt on input line 174.
LaTeX Font Info:    Font shape `T1/phv/b/n' will be
(Font)              scaled to size 18.66588pt on input line 174.
LaTeX Font Info:    Font shape `T1/phv/bc/n' will be
(Font)              scaled to size 18.66588pt on input line 174.
LaTeX Font Info:    Font shape `T1/phv/m/n' will be
(Font)              scaled to size 22.39185pt on input line 174.
LaTeX Font Info:    Font shape `T1/phv/b/n' will be
(Font)              scaled to size 22.39185pt on input line 174.
LaTeX Font Info:    Font shape `T1/phv/bc/n' will be
(Font)              scaled to size 22.39185pt on input line 174.
(./hierarchy.tex
LaTeX Font Info:    Font shape `T1/phv/b/n' will be
(Font)              scaled to size 12.9599pt on input line 1.
) [1


] [2

]
Chapter 2.
(./annotated.tex) [3] [4

]
Chapter 3.
(./files.tex [5]) [6]
Chapter 4.
(./classAirConditionSensor.tex <./classAirConditionSensor__inherit__graph.pdf

pdfTeX warning: pdflatex (file ./classAirConditionSensor__inherit__graph.pdf): 
PDF inclusion: multiple pdfs with page group included in a single page
>
<classAirConditionSensor__inherit__graph.pdf, id=1474, 208.78pt x 299.1175pt>
File: classAirConditionSensor__inherit__graph.pdf Graphic file (type pdf)
<use classAirConditionSensor__inherit__graph.pdf>
Package pdftex.def Info: classAirConditionSensor__inherit__graph.pdf  used on i
nput line 14.
(pdftex.def)             Requested size: 208.0pt x 298.01678pt.
 <./classAirConditionSensor__coll__graph.pdf

pdfTeX warning: pdflatex (file ./classAirConditionSensor__coll__graph.pdf): PDF
 inclusion: multiple pdfs with page group included in a single page
>
<classAirConditionSensor__coll__graph.pdf, id=1489, 208.78pt x 299.1175pt>
File: classAirConditionSensor__coll__graph.pdf Graphic file (type pdf)
<use classAirConditionSensor__coll__graph.pdf>
Package pdftex.def Info: classAirConditionSensor__coll__graph.pdf  used on inpu
t line 24.
(pdftex.def)             Requested size: 208.0pt x 298.01678pt.
 [7

]
LaTeX Font Info:    Font shape `T1/phv/b/n' will be
(Font)              scaled to size 10.79993pt on input line 27.
LaTeX Font Info:    Trying to load font information for TS1+phv on input line 3
0.
 (/usr/share/texlive/texmf-dist/tex/latex/psnfss/ts1phv.fd
File: ts1phv.fd 2020/03/25 scalable font definitions for TS1/phv.
)
LaTeX Font Info:    Font shape `TS1/phv/m/n' will be
(Font)              scaled to size 8.99994pt on input line 30.
 [8] <./classAirConditionSensor_ab9b7386ed63db271a746a9b5587769d6_icgraph.pdf>
<classAirConditionSensor_ab9b7386ed63db271a746a9b5587769d6_icgraph.pdf, id=1532
, 484.81125pt x 111.41624pt>
File: classAirConditionSensor_ab9b7386ed63db271a746a9b5587769d6_icgraph.pdf Gra
phic file (type pdf)
<use classAirConditionSensor_ab9b7386ed63db271a746a9b5587769d6_icgraph.pdf>
Package pdftex.def Info: classAirConditionSensor_ab9b7386ed63db271a746a9b558776
9d6_icgraph.pdf  used on input line 105.
(pdftex.def)             Requested size: 350.0pt x 80.43893pt.
 <./classAirConditionSensor_a320e5f933fa2be855ddae11bb24ef841_cgraph.pdf

pdfTeX warning: pdflatex (file ./classAirConditionSensor_a320e5f933fa2be855ddae
11bb24ef841_cgraph.pdf): PDF inclusion: multiple pdfs with page group included 
in a single page
>
<classAirConditionSensor_a320e5f933fa2be855ddae11bb24ef841_cgraph.pdf, id=1542,
 338.26375pt x 111.41624pt>
File: classAirConditionSensor_a320e5f933fa2be855ddae11bb24ef841_cgraph.pdf Grap
hic file (type pdf)
<use classAirConditionSensor_a320e5f933fa2be855ddae11bb24ef841_cgraph.pdf>
Package pdftex.def Info: classAirConditionSensor_a320e5f933fa2be855ddae11bb24ef
841_cgraph.pdf  used on input line 140.
(pdftex.def)             Requested size: 337.0pt x 111.00284pt.
 [9] <./classAirConditionSensor_a320e5f933fa2be855ddae11bb24ef841_icgraph.pdf>
<classAirConditionSensor_a320e5f933fa2be855ddae11bb24ef841_icgraph.pdf, id=1558
, 337.26pt x 111.41624pt>
File: classAirConditionSensor_a320e5f933fa2be855ddae11bb24ef841_icgraph.pdf Gra
phic file (type pdf)
<use classAirConditionSensor_a320e5f933fa2be855ddae11bb24ef841_icgraph.pdf>
Package pdftex.def Info: classAirConditionSensor_a320e5f933fa2be855ddae11bb24ef
841_icgraph.pdf  used on input line 148.
(pdftex.def)             Requested size: 336.0pt x 111.00284pt.
LaTeX Font Info:    Trying to load font information for TS1+pcr on input line 1
74.
(/usr/share/texlive/texmf-dist/tex/latex/psnfss/ts1pcr.fd
File: ts1pcr.fd 2001/06/04 font definitions for TS1/pcr.
) [10] <./classAirConditionSensor_aaa1605a7b9b7361946301505de89b82a_cgraph.pdf>
<classAirConditionSensor_aaa1605a7b9b7361946301505de89b82a_cgraph.pdf, id=1578,
 484.81125pt x 188.705pt>
File: classAirConditionSensor_aaa1605a7b9b7361946301505de89b82a_cgraph.pdf Grap
hic file (type pdf)
<use classAirConditionSensor_aaa1605a7b9b7361946301505de89b82a_cgraph.pdf>
Package pdftex.def Info: classAirConditionSensor_aaa1605a7b9b7361946301505de89b
82a_cgraph.pdf  used on input line 221.
(pdftex.def)             Requested size: 350.0pt x 136.23892pt.
) (./classCamera.tex
[11] <./classCamera__inherit__graph.pdf>
<classCamera__inherit__graph.pdf, id=1605, 325.215pt x 277.035pt>
File: classCamera__inherit__graph.pdf Graphic file (type pdf)
<use classCamera__inherit__graph.pdf>
Package pdftex.def Info: classCamera__inherit__graph.pdf  used on input line 14
.
(pdftex.def)             Requested size: 324.0pt x 276.01978pt.
 <./classCamera__coll__graph.pdf

pdfTeX warning: pdflatex (file ./classCamera__coll__graph.pdf): PDF inclusion: 
multiple pdfs with page group included in a single page
>
<classCamera__coll__graph.pdf, id=1620, 154.5775pt x 160.6pt>
File: classCamera__coll__graph.pdf Graphic file (type pdf)
<use classCamera__coll__graph.pdf>
Package pdftex.def Info: classCamera__coll__graph.pdf  used on input line 24.
(pdftex.def)             Requested size: 154.0pt x 160.0139pt.
 [12] [13] <./classCamera_a90fca4b59b72c967a01aa6eb93e2c6e1_icgraph.pdf>
<classCamera_a90fca4b59b72c967a01aa6eb93e2c6e1_icgraph.pdf, id=1659, 372.39125p
t x 138.5175pt>
File: classCamera_a90fca4b59b72c967a01aa6eb93e2c6e1_icgraph.pdf Graphic file (t
ype pdf)
<use classCamera_a90fca4b59b72c967a01aa6eb93e2c6e1_icgraph.pdf>
Package pdftex.def Info: classCamera_a90fca4b59b72c967a01aa6eb93e2c6e1_icgraph.
pdf  used on input line 101.
(pdftex.def)             Requested size: 350.0pt x 130.19377pt.
 <./classCamera_a59394101212a015f16fa504adc4830a6_icgraph.pdf

pdfTeX warning: pdflatex (file ./classCamera_a59394101212a015f16fa504adc4830a6_
icgraph.pdf): PDF inclusion: multiple pdfs with page group included in a single
 page
>
<classCamera_a59394101212a015f16fa504adc4830a6_icgraph.pdf, id=1676, 371.3875pt
 x 138.5175pt>
File: classCamera_a59394101212a015f16fa504adc4830a6_icgraph.pdf Graphic file (t
ype pdf)
<use classCamera_a59394101212a015f16fa504adc4830a6_icgraph.pdf>
Package pdftex.def Info: classCamera_a59394101212a015f16fa504adc4830a6_icgraph.
pdf  used on input line 136.
(pdftex.def)             Requested size: 350.0pt x 130.54251pt.
 [14]) (./classDashboard.tex <./classDashboard__coll__graph.pdf>
<classDashboard__coll__graph.pdf, id=1693, 1267.73625pt x 658.46pt>
File: classDashboard__coll__graph.pdf Graphic file (type pdf)
<use classDashboard__coll__graph.pdf>
Package pdftex.def Info: classDashboard__coll__graph.pdf  used on input line 14
.
(pdftex.def)             Requested size: 350.0pt x 181.78539pt.
 [15] [16]
[17] <./classDashboard_a28f1d7e9394a4c0e1d76f9787912c715_icgraph.pdf

pdfTeX warning: pdflatex (file ./classDashboard_a28f1d7e9394a4c0e1d76f9787912c7
15_icgraph.pdf): PDF inclusion: multiple pdfs with page group included in a sin
gle page
>
<classDashboard_a28f1d7e9394a4c0e1d76f9787912c715_icgraph.pdf, id=1802, 286.068
76pt x 100.375pt>
File: classDashboard_a28f1d7e9394a4c0e1d76f9787912c715_icgraph.pdf Graphic file
 (type pdf)
<use classDashboard_a28f1d7e9394a4c0e1d76f9787912c715_icgraph.pdf>
Package pdftex.def Info: classDashboard_a28f1d7e9394a4c0e1d76f9787912c715_icgra
ph.pdf  used on input line 218.
(pdftex.def)             Requested size: 285.0pt x 100.00102pt.
 [18] [19]) (./classDataBase.tex <./classDataBase__coll__graph.pdf

pdfTeX warning: pdflatex (file ./classDataBase__coll__graph.pdf): PDF inclusion
: multiple pdfs with page group included in a single page
>
<classDataBase__coll__graph.pdf, id=1834, 217.81375pt x 530.98375pt>
File: classDataBase__coll__graph.pdf Graphic file (type pdf)
<use classDataBase__coll__graph.pdf>
Package pdftex.def Info: classDataBase__coll__graph.pdf  used on input line 14.

(pdftex.def)             Requested size: 217.0pt x 528.9974pt.
 [20] [21]
LaTeX Font Info:    Font shape `T1/pcr/m/it' in size <8> not available
(Font)              Font shape `T1/pcr/m/sl' tried instead on input line 115.
LaTeX Font Info:    Font shape `T1/pcr/m/it' in size <7> not available
(Font)              Font shape `T1/pcr/m/sl' tried instead on input line 115.
 [22] [23] <./classDataBase_a0aa5da853cbbc3dc06afdb601a6b4631_cgraph.pdf

pdfTeX warning: pdflatex (file ./classDataBase_a0aa5da853cbbc3dc06afdb601a6b463
1_cgraph.pdf): PDF inclusion: multiple pdfs with page group included in a singl
e page
>
<classDataBase_a0aa5da853cbbc3dc06afdb601a6b4631_cgraph.pdf, id=1948, 345.29pt 
x 138.5175pt>
File: classDataBase_a0aa5da853cbbc3dc06afdb601a6b4631_cgraph.pdf Graphic file (
type pdf)
<use classDataBase_a0aa5da853cbbc3dc06afdb601a6b4631_cgraph.pdf>
Package pdftex.def Info: classDataBase_a0aa5da853cbbc3dc06afdb601a6b4631_cgraph
.pdf  used on input line 217.
(pdftex.def)             Requested size: 344.0pt x 138.00142pt.
 <./classDataBase_a0aa5da853cbbc3dc06afdb601a6b4631_icgraph.pdf

pdfTeX warning: pdflatex (file ./classDataBase_a0aa5da853cbbc3dc06afdb601a6b463
1_icgraph.pdf): PDF inclusion: multiple pdfs with page group included in a sing
le page
>
<classDataBase_a0aa5da853cbbc3dc06afdb601a6b4631_icgraph.pdf, id=1956, 342.2787
5pt x 100.375pt>
File: classDataBase_a0aa5da853cbbc3dc06afdb601a6b4631_icgraph.pdf Graphic file 
(type pdf)
<use classDataBase_a0aa5da853cbbc3dc06afdb601a6b4631_icgraph.pdf>
Package pdftex.def Info: classDataBase_a0aa5da853cbbc3dc06afdb601a6b4631_icgrap
h.pdf  used on input line 225.
(pdftex.def)             Requested size: 341.0pt x 100.00716pt.
 [24] <./classDataBase_a4645f007d3df18ef64286e704bc7b69e_cgraph.pdf>
<classDataBase_a4645f007d3df18ef64286e704bc7b69e_cgraph.pdf, id=1985, 347.2975p
t x 100.375pt>
File: classDataBase_a4645f007d3df18ef64286e704bc7b69e_cgraph.pdf Graphic file (
type pdf)
<use classDataBase_a4645f007d3df18ef64286e704bc7b69e_cgraph.pdf>
Package pdftex.def Info: classDataBase_a4645f007d3df18ef64286e704bc7b69e_cgraph
.pdf  used on input line 262.
(pdftex.def)             Requested size: 346.0pt x 100.00409pt.
 [25] <./classDataBase_a5364ac4e3767d8638da4e58448bef8e9_cgraph.pdf>
<classDataBase_a5364ac4e3767d8638da4e58448bef8e9_cgraph.pdf, id=2035, 345.29pt 
x 138.5175pt>
File: classDataBase_a5364ac4e3767d8638da4e58448bef8e9_cgraph.pdf Graphic file (
type pdf)
<use classDataBase_a5364ac4e3767d8638da4e58448bef8e9_cgraph.pdf>
Package pdftex.def Info: classDataBase_a5364ac4e3767d8638da4e58448bef8e9_cgraph
.pdf  used on input line 395.
(pdftex.def)             Requested size: 344.0pt x 138.00142pt.
 [26] [27] [28])
(./classHumiditySensor.tex <./classHumiditySensor__inherit__graph.pdf

pdfTeX warning: pdflatex (file ./classHumiditySensor__inherit__graph.pdf): PDF 
inclusion: multiple pdfs with page group included in a single page
>
<classHumiditySensor__inherit__graph.pdf, id=2066, 193.72375pt x 299.1175pt>
File: classHumiditySensor__inherit__graph.pdf Graphic file (type pdf)
<use classHumiditySensor__inherit__graph.pdf>
Package pdftex.def Info: classHumiditySensor__inherit__graph.pdf  used on input
 line 14.
(pdftex.def)             Requested size: 193.0pt x 298.0031pt.
 <./classHumiditySensor__coll__graph.pdf

pdfTeX warning: pdflatex (file ./classHumiditySensor__coll__graph.pdf): PDF inc
lusion: multiple pdfs with page group included in a single page
>
<classHumiditySensor__coll__graph.pdf, id=2081, 193.72375pt x 299.1175pt>
File: classHumiditySensor__coll__graph.pdf Graphic file (type pdf)
<use classHumiditySensor__coll__graph.pdf>
Package pdftex.def Info: classHumiditySensor__coll__graph.pdf  used on input li
ne 24.
(pdftex.def)             Requested size: 193.0pt x 298.0031pt.
 [29] [30] <./classHumiditySensor_a83b47fdcceb55a744461301fc4c7d2f3_icgraph.pdf
>
<classHumiditySensor_a83b47fdcceb55a744461301fc4c7d2f3_icgraph.pdf, id=2124, 64
8.4225pt x 100.375pt>
File: classHumiditySensor_a83b47fdcceb55a744461301fc4c7d2f3_icgraph.pdf Graphic
 file (type pdf)
<use classHumiditySensor_a83b47fdcceb55a744461301fc4c7d2f3_icgraph.pdf>
Package pdftex.def Info: classHumiditySensor_a83b47fdcceb55a744461301fc4c7d2f3_
icgraph.pdf  used on input line 105.
(pdftex.def)             Requested size: 350.0pt x 54.18024pt.
 <./classHumiditySensor_a1fcf6b442f0e7d50cc3a8837ad339cb1_cgraph.pdf

pdfTeX warning: pdflatex (file ./classHumiditySensor_a1fcf6b442f0e7d50cc3a8837a
d339cb1_cgraph.pdf): PDF inclusion: multiple pdfs with page group included in a
 single page
>
<classHumiditySensor_a1fcf6b442f0e7d50cc3a8837ad339cb1_cgraph.pdf, id=2135, 452
.69125pt x 100.375pt>
File: classHumiditySensor_a1fcf6b442f0e7d50cc3a8837ad339cb1_cgraph.pdf Graphic 
file (type pdf)
<use classHumiditySensor_a1fcf6b442f0e7d50cc3a8837ad339cb1_cgraph.pdf>
Package pdftex.def Info: classHumiditySensor_a1fcf6b442f0e7d50cc3a8837ad339cb1_
cgraph.pdf  used on input line 140.
(pdftex.def)             Requested size: 350.0pt x 77.60448pt.
 <./classHumiditySensor_a1fcf6b442f0e7d50cc3a8837ad339cb1_icgraph.pdf

pdfTeX warning: pdflatex (file ./classHumiditySensor_a1fcf6b442f0e7d50cc3a8837a
d339cb1_icgraph.pdf): PDF inclusion: multiple pdfs with page group included in 
a single page
>
<classHumiditySensor_a1fcf6b442f0e7d50cc3a8837ad339cb1_icgraph.pdf, id=2143, 43
7.635pt x 100.375pt>
File: classHumiditySensor_a1fcf6b442f0e7d50cc3a8837ad339cb1_icgraph.pdf Graphic
 file (type pdf)
<use classHumiditySensor_a1fcf6b442f0e7d50cc3a8837ad339cb1_icgraph.pdf>
Package pdftex.def Info: classHumiditySensor_a1fcf6b442f0e7d50cc3a8837ad339cb1_
icgraph.pdf  used on input line 148.
(pdftex.def)             Requested size: 350.0pt x 80.27559pt.
 [31] [32] <./classHumiditySensor_a6815f33d214bd301ed61354082869223_cgraph.pdf>
<classHumiditySensor_a6815f33d214bd301ed61354082869223_cgraph.pdf, id=2170, 648
.4225pt x 176.66pt>
File: classHumiditySensor_a6815f33d214bd301ed61354082869223_cgraph.pdf Graphic 
file (type pdf)
<use classHumiditySensor_a6815f33d214bd301ed61354082869223_cgraph.pdf>
Package pdftex.def Info: classHumiditySensor_a6815f33d214bd301ed61354082869223_
cgraph.pdf  used on input line 223.
(pdftex.def)             Requested size: 350.0pt x 95.35722pt.
) (./classLigthLevelSensor.tex <./classLigthLevelSensor__inherit__graph.pdf

pdfTeX warning: pdflatex (file ./classLigthLevelSensor__inherit__graph.pdf): PD
F inclusion: multiple pdfs with page group included in a single page
>
<classLigthLevelSensor__inherit__graph.pdf, id=2187, 199.74625pt x 299.1175pt>
File: classLigthLevelSensor__inherit__graph.pdf Graphic file (type pdf)
<use classLigthLevelSensor__inherit__graph.pdf>
Package pdftex.def Info: classLigthLevelSensor__inherit__graph.pdf  used on inp
ut line 14.
(pdftex.def)             Requested size: 199.0pt x 298.01678pt.
 [33] <./classLigthLevelSensor__coll__graph.pdf>
<classLigthLevelSensor__coll__graph.pdf, id=2208, 199.74625pt x 299.1175pt>
File: classLigthLevelSensor__coll__graph.pdf Graphic file (type pdf)
<use classLigthLevelSensor__coll__graph.pdf>
Package pdftex.def Info: classLigthLevelSensor__coll__graph.pdf  used on input 
line 24.
(pdftex.def)             Requested size: 199.0pt x 298.01678pt.
 [34] [35] <./classLigthLevelSensor_ab1e733f5bdadc92ae53568efa8f865df_icgraph.p
df>
<classLigthLevelSensor_ab1e733f5bdadc92ae53568efa8f865df_icgraph.pdf, id=2251, 
622.325pt x 111.41624pt>
File: classLigthLevelSensor_ab1e733f5bdadc92ae53568efa8f865df_icgraph.pdf Graph
ic file (type pdf)
<use classLigthLevelSensor_ab1e733f5bdadc92ae53568efa8f865df_icgraph.pdf>
Package pdftex.def Info: classLigthLevelSensor_ab1e733f5bdadc92ae53568efa8f865d
f_icgraph.pdf  used on input line 105.
(pdftex.def)             Requested size: 350.0pt x 62.66127pt.
 <./classLigthLevelSensor_aed59b7a84007c2f2988cd8a5a3e129c0_cgraph.pdf

pdfTeX warning: pdflatex (file ./classLigthLevelSensor_aed59b7a84007c2f2988cd8a
5a3e129c0_cgraph.pdf): PDF inclusion: multiple pdfs with page group included in
 a single page
>
<classLigthLevelSensor_aed59b7a84007c2f2988cd8a5a3e129c0_cgraph.pdf, id=2262, 4
21.575pt x 111.41624pt>
File: classLigthLevelSensor_aed59b7a84007c2f2988cd8a5a3e129c0_cgraph.pdf Graphi
c file (type pdf)
<use classLigthLevelSensor_aed59b7a84007c2f2988cd8a5a3e129c0_cgraph.pdf>
Package pdftex.def Info: classLigthLevelSensor_aed59b7a84007c2f2988cd8a5a3e129c
0_cgraph.pdf  used on input line 140.
(pdftex.def)             Requested size: 350.0pt x 92.50095pt.
 <./classLigthLevelSensor_aed59b7a84007c2f2988cd8a5a3e129c0_icgraph.pdf

pdfTeX warning: pdflatex (file ./classLigthLevelSensor_aed59b7a84007c2f2988cd8a
5a3e129c0_icgraph.pdf): PDF inclusion: multiple pdfs with page group included i
n a single page
>
<classLigthLevelSensor_aed59b7a84007c2f2988cd8a5a3e129c0_icgraph.pdf, id=2271, 
427.5975pt x 111.41624pt>
File: classLigthLevelSensor_aed59b7a84007c2f2988cd8a5a3e129c0_icgraph.pdf Graph
ic file (type pdf)
<use classLigthLevelSensor_aed59b7a84007c2f2988cd8a5a3e129c0_icgraph.pdf>
Package pdftex.def Info: classLigthLevelSensor_aed59b7a84007c2f2988cd8a5a3e129c
0_icgraph.pdf  used on input line 148.
(pdftex.def)             Requested size: 350.0pt x 91.19699pt.
 [36] [37] <./classLigthLevelSensor_a56555c1ec2b46fa92e0d5b34bf2d2822_cgraph.pd
f>
<classLigthLevelSensor_a56555c1ec2b46fa92e0d5b34bf2d2822_cgraph.pdf, id=2297, 6
22.325pt x 188.705pt>
File: classLigthLevelSensor_a56555c1ec2b46fa92e0d5b34bf2d2822_cgraph.pdf Graphi
c file (type pdf)
<use classLigthLevelSensor_a56555c1ec2b46fa92e0d5b34bf2d2822_cgraph.pdf>
Package pdftex.def Info: classLigthLevelSensor_a56555c1ec2b46fa92e0d5b34bf2d282
2_cgraph.pdf  used on input line 223.
(pdftex.def)             Requested size: 350.0pt x 106.12901pt.
) (./classLogin.tex <./classLogin__coll__graph.pdf

pdfTeX warning: pdflatex (file ./classLogin__coll__graph.pdf): PDF inclusion: m
ultiple pdfs with page group included in a single page
>
<classLogin__coll__graph.pdf, id=2314, 193.72375pt x 420.57124pt>
File: classLogin__coll__graph.pdf Graphic file (type pdf)
<use classLogin__coll__graph.pdf>
Package pdftex.def Info: classLogin__coll__graph.pdf  used on input line 14.
(pdftex.def)             Requested size: 193.0pt x 419.00436pt.
 [38] [39] <./classLogin_a0da5d78c5cafad08f3ec60e6f2d29671_cgraph.pdf>
<classLogin_a0da5d78c5cafad08f3ec60e6f2d29671_cgraph.pdf, id=2378, 485.815pt x 
138.5175pt>
File: classLogin_a0da5d78c5cafad08f3ec60e6f2d29671_cgraph.pdf Graphic file (typ
e pdf)
<use classLogin_a0da5d78c5cafad08f3ec60e6f2d29671_cgraph.pdf>
Package pdftex.def Info: classLogin_a0da5d78c5cafad08f3ec60e6f2d29671_cgraph.pd
f  used on input line 132.
(pdftex.def)             Requested size: 350.0pt x 99.79169pt.

[40] [41]) (./classMicrophone.tex <./classMicrophone__coll__graph.pdf>
<classMicrophone__coll__graph.pdf, id=2403, 174.6525pt x 204.765pt>
File: classMicrophone__coll__graph.pdf Graphic file (type pdf)
<use classMicrophone__coll__graph.pdf>
Package pdftex.def Info: classMicrophone__coll__graph.pdf  used on input line 1
4.
(pdftex.def)             Requested size: 174.0pt x 204.01147pt.
 [42]
Underfull \hbox (badness 10000) in paragraph at lines 91--92

 []

[43]
Underfull \hbox (badness 10000) in paragraph at lines 153--154

 []

[44]
Underfull \hbox (badness 10000) in paragraph at lines 177--178

 []

) (./classNIFException.tex <./classNIFException__inherit__graph.pdf

pdfTeX warning: pdflatex (file ./classNIFException__inherit__graph.pdf): PDF in
clusion: multiple pdfs with page group included in a single page
>
<classNIFException__inherit__graph.pdf, id=2461, 184.69pt x 232.87pt>
File: classNIFException__inherit__graph.pdf Graphic file (type pdf)
<use classNIFException__inherit__graph.pdf>
Package pdftex.def Info: classNIFException__inherit__graph.pdf  used on input l
ine 14.
(pdftex.def)             Requested size: 184.0pt x 232.0024pt.
 [45] <./classNIFException__coll__graph.pdf

pdfTeX warning: pdflatex (file ./classNIFException__coll__graph.pdf): PDF inclu
sion: multiple pdfs with page group included in a single page
>
<classNIFException__coll__graph.pdf, id=2474, 184.69pt x 232.87pt>
File: classNIFException__coll__graph.pdf Graphic file (type pdf)
<use classNIFException__coll__graph.pdf>
Package pdftex.def Info: classNIFException__coll__graph.pdf  used on input line
 24.
(pdftex.def)             Requested size: 184.0pt x 232.0024pt.
 [46]) (./classRGBCamera.tex <./classRGBCamera__inherit__graph.pdf>
<classRGBCamera__inherit__graph.pdf, id=2494, 183.68625pt x 277.035pt>
File: classRGBCamera__inherit__graph.pdf Graphic file (type pdf)
<use classRGBCamera__inherit__graph.pdf>
Package pdftex.def Info: classRGBCamera__inherit__graph.pdf  used on input line
 14.
(pdftex.def)             Requested size: 183.0pt x 276.01978pt.
 <./classRGBCamera__coll__graph.pdf

pdfTeX warning: pdflatex (file ./classRGBCamera__coll__graph.pdf): PDF inclusio
n: multiple pdfs with page group included in a single page
>
<classRGBCamera__coll__graph.pdf, id=2509, 183.68625pt x 277.035pt>
File: classRGBCamera__coll__graph.pdf Graphic file (type pdf)
<use classRGBCamera__coll__graph.pdf>
Package pdftex.def Info: classRGBCamera__coll__graph.pdf  used on input line 24
.
(pdftex.def)             Requested size: 183.0pt x 276.01978pt.
 [47] [48]
Underfull \hbox (badness 10000) in paragraph at lines 75--76

 []

 <./classRGBCamera_aaaf72b9b8ffb1fea35627e9471bba961_icgraph.pdf>
<classRGBCamera_aaaf72b9b8ffb1fea35627e9471bba961_icgraph.pdf, id=2547, 406.518
75pt x 100.375pt>
File: classRGBCamera_aaaf72b9b8ffb1fea35627e9471bba961_icgraph.pdf Graphic file
 (type pdf)
<use classRGBCamera_aaaf72b9b8ffb1fea35627e9471bba961_icgraph.pdf>
Package pdftex.def Info: classRGBCamera_aaaf72b9b8ffb1fea35627e9471bba961_icgra
ph.pdf  used on input line 97.
(pdftex.def)             Requested size: 350.0pt x 86.42342pt.
 [49] <./classRGBCamera_a67490528d81ee06c9aaf82697441d7a4_cgraph.pdf>
<classRGBCamera_a67490528d81ee06c9aaf82697441d7a4_cgraph.pdf, id=2566, 406.5187
5pt x 176.66pt>
File: classRGBCamera_a67490528d81ee06c9aaf82697441d7a4_cgraph.pdf Graphic file 
(type pdf)
<use classRGBCamera_a67490528d81ee06c9aaf82697441d7a4_cgraph.pdf>
Package pdftex.def Info: classRGBCamera_a67490528d81ee06c9aaf82697441d7a4_cgrap
h.pdf  used on input line 170.
(pdftex.def)             Requested size: 350.0pt x 152.10524pt.
 [50])
(./classSensor.tex <./classSensor__inherit__graph.pdf>
<classSensor__inherit__graph.pdf, id=2590, 627.34375pt x 299.1175pt>
File: classSensor__inherit__graph.pdf Graphic file (type pdf)
<use classSensor__inherit__graph.pdf>
Package pdftex.def Info: classSensor__inherit__graph.pdf  used on input line 14
.
(pdftex.def)             Requested size: 350.0pt x 166.88393pt.
 <./classSensor__coll__graph.pdf

pdfTeX warning: pdflatex (file ./classSensor__coll__graph.pdf): PDF inclusion: 
multiple pdfs with page group included in a single page
>
<classSensor__coll__graph.pdf, id=2605, 149.55875pt x 160.6pt>
File: classSensor__coll__graph.pdf Graphic file (type pdf)
<use classSensor__coll__graph.pdf>
Package pdftex.def Info: classSensor__coll__graph.pdf  used on input line 24.
(pdftex.def)             Requested size: 149.0pt x 160.01146pt.
 [51]
Underfull \hbox (badness 2617) in paragraph at lines 94--95
[]\T1/phv/m/n/10 Referenced by Air[]Condition[]Sensor[]::show[]Choice(), Humidi
ty[]Sensor[]::show[]Choice(), Ligth[]Level[]Sensor[]::show[]
 []

 <./classSensor_a7e0dadfc3dcde4c6c7b20d0c0ae09082_icgraph.pdf>
<classSensor_a7e0dadfc3dcde4c6c7b20d0c0ae09082_icgraph.pdf, id=2636, 370.38374p
t x 237.88875pt>
File: classSensor_a7e0dadfc3dcde4c6c7b20d0c0ae09082_icgraph.pdf Graphic file (t
ype pdf)
<use classSensor_a7e0dadfc3dcde4c6c7b20d0c0ae09082_icgraph.pdf>
Package pdftex.def Info: classSensor_a7e0dadfc3dcde4c6c7b20d0c0ae09082_icgraph.
pdf  used on input line 101.
(pdftex.def)             Requested size: 350.0pt x 224.79878pt.
 [52]
Underfull \hbox (badness 2617) in paragraph at lines 129--130
[]\T1/phv/m/n/10 Referenced by Air[]Condition[]Sensor[]::show[]Choice(), Humidi
ty[]Sensor[]::show[]Choice(), Ligth[]Level[]Sensor[]::show[]
 []

 <./classSensor_ab687b1dd4e4ecb1d806bf947cedc9b76_icgraph.pdf>
<classSensor_ab687b1dd4e4ecb1d806bf947cedc9b76_icgraph.pdf, id=2660, 370.38374p
t x 237.88875pt>
File: classSensor_ab687b1dd4e4ecb1d806bf947cedc9b76_icgraph.pdf Graphic file (t
ype pdf)
<use classSensor_ab687b1dd4e4ecb1d806bf947cedc9b76_icgraph.pdf>
Package pdftex.def Info: classSensor_ab687b1dd4e4ecb1d806bf947cedc9b76_icgraph.
pdf  used on input line 136.
(pdftex.def)             Requested size: 350.0pt x 224.79878pt.
)
(./classStringException.tex <./classStringException__inherit__graph.pdf

pdfTeX warning: pdflatex (file ./classStringException__inherit__graph.pdf): PDF
 inclusion: multiple pdfs with page group included in a single page
>
<classStringException__inherit__graph.pdf, id=2670, 192.72pt x 232.87pt>
File: classStringException__inherit__graph.pdf Graphic file (type pdf)
<use classStringException__inherit__graph.pdf>
Package pdftex.def Info: classStringException__inherit__graph.pdf  used on inpu
t line 14.
(pdftex.def)             Requested size: 192.0pt x 231.99884pt.
 [53] <./classStringException__coll__graph.pdf>
<classStringException__coll__graph.pdf, id=2686, 192.72pt x 232.87pt>
File: classStringException__coll__graph.pdf Graphic file (type pdf)
<use classStringException__coll__graph.pdf>
Package pdftex.def Info: classStringException__coll__graph.pdf  used on input l
ine 24.
(pdftex.def)             Requested size: 192.0pt x 231.99884pt.
 [54])
(./classTemperatureSensor.tex <./classTemperatureSensor__inherit__graph.pdf>
<classTemperatureSensor__inherit__graph.pdf, id=2706, 210.7875pt x 299.1175pt>
File: classTemperatureSensor__inherit__graph.pdf Graphic file (type pdf)
<use classTemperatureSensor__inherit__graph.pdf>
Package pdftex.def Info: classTemperatureSensor__inherit__graph.pdf  used on in
put line 14.
(pdftex.def)             Requested size: 210.0pt x 298.00766pt.
 <./classTemperatureSensor__coll__graph.pdf

pdfTeX warning: pdflatex (file ./classTemperatureSensor__coll__graph.pdf): PDF 
inclusion: multiple pdfs with page group included in a single page
>
<classTemperatureSensor__coll__graph.pdf, id=2721, 210.7875pt x 299.1175pt>
File: classTemperatureSensor__coll__graph.pdf Graphic file (type pdf)
<use classTemperatureSensor__coll__graph.pdf>
Package pdftex.def Info: classTemperatureSensor__coll__graph.pdf  used on input
 line 24.
(pdftex.def)             Requested size: 210.0pt x 298.00766pt.
 [55] [56] <./classTemperatureSensor_a17cf13ad8de0cb3bb7aebc6f27cecb45_icgraph.
pdf>
<classTemperatureSensor_a17cf13ad8de0cb3bb7aebc6f27cecb45_icgraph.pdf, id=2763,
 504.88625pt x 111.41624pt>
File: classTemperatureSensor_a17cf13ad8de0cb3bb7aebc6f27cecb45_icgraph.pdf Grap
hic file (type pdf)
<use classTemperatureSensor_a17cf13ad8de0cb3bb7aebc6f27cecb45_icgraph.pdf>
Package pdftex.def Info: classTemperatureSensor_a17cf13ad8de0cb3bb7aebc6f27cecb
45_icgraph.pdf  used on input line 105.
(pdftex.def)             Requested size: 350.0pt x 77.2377pt.
 <./classTemperatureSensor_aca3bb7c199e323aac317275bc7ca41e7_cgraph.pdf

pdfTeX warning: pdflatex (file ./classTemperatureSensor_aca3bb7c199e323aac31727
5bc7ca41e7_cgraph.pdf): PDF inclusion: multiple pdfs with page group included i
n a single page
>
<classTemperatureSensor_aca3bb7c199e323aac317275bc7ca41e7_cgraph.pdf, id=2774, 
351.3125pt x 111.41624pt>
File: classTemperatureSensor_aca3bb7c199e323aac317275bc7ca41e7_cgraph.pdf Graph
ic file (type pdf)
<use classTemperatureSensor_aca3bb7c199e323aac317275bc7ca41e7_cgraph.pdf>
Package pdftex.def Info: classTemperatureSensor_aca3bb7c199e323aac317275bc7ca41
e7_cgraph.pdf  used on input line 140.
(pdftex.def)             Requested size: 350.0pt x 111.00795pt.
 [57] <./classTemperatureSensor_aca3bb7c199e323aac317275bc7ca41e7_icgraph.pdf>
<classTemperatureSensor_aca3bb7c199e323aac317275bc7ca41e7_icgraph.pdf, id=2788,
 351.3125pt x 111.41624pt>
File: classTemperatureSensor_aca3bb7c199e323aac317275bc7ca41e7_icgraph.pdf Grap
hic file (type pdf)
<use classTemperatureSensor_aca3bb7c199e323aac317275bc7ca41e7_icgraph.pdf>
Package pdftex.def Info: classTemperatureSensor_aca3bb7c199e323aac317275bc7ca41
e7_icgraph.pdf  used on input line 148.
(pdftex.def)             Requested size: 350.0pt x 111.00795pt.
[58] <./classTemperatureSensor_a0857ea864b206af421d685b975bb93b7_cgraph.pdf>
<classTemperatureSensor_a0857ea864b206af421d685b975bb93b7_cgraph.pdf, id=2809, 
504.88625pt x 188.705pt>
File: classTemperatureSensor_a0857ea864b206af421d685b975bb93b7_cgraph.pdf Graph
ic file (type pdf)
<use classTemperatureSensor_a0857ea864b206af421d685b975bb93b7_cgraph.pdf>
Package pdftex.def Info: classTemperatureSensor_a0857ea864b206af421d685b975bb93
b7_cgraph.pdf  used on input line 223.
(pdftex.def)             Requested size: 350.0pt x 130.81702pt.

[59]) (./classThermalCamera.tex <./classThermalCamera__inherit__graph.pdf>
<classThermalCamera__inherit__graph.pdf, id=2833, 202.7575pt x 277.035pt>
File: classThermalCamera__inherit__graph.pdf Graphic file (type pdf)
<use classThermalCamera__inherit__graph.pdf>
Package pdftex.def Info: classThermalCamera__inherit__graph.pdf  used on input 
line 14.
(pdftex.def)             Requested size: 202.0pt x 276.0071pt.
 <./classThermalCamera__coll__graph.pdf

pdfTeX warning: pdflatex (file ./classThermalCamera__coll__graph.pdf): PDF incl
usion: multiple pdfs with page group included in a single page
>
<classThermalCamera__coll__graph.pdf, id=2848, 202.7575pt x 277.035pt>
File: classThermalCamera__coll__graph.pdf Graphic file (type pdf)
<use classThermalCamera__coll__graph.pdf>
Package pdftex.def Info: classThermalCamera__coll__graph.pdf  used on input lin
e 24.
(pdftex.def)             Requested size: 202.0pt x 276.0071pt.
 [60] [61] <./classThermalCamera_a695af965c773b862d297d8e80981e916_icgraph.pdf>
<classThermalCamera_a695af965c773b862d297d8e80981e916_icgraph.pdf, id=2885, 435
.6275pt x 111.41624pt>
File: classThermalCamera_a695af965c773b862d297d8e80981e916_icgraph.pdf Graphic 
file (type pdf)
<use classThermalCamera_a695af965c773b862d297d8e80981e916_icgraph.pdf>
Package pdftex.def Info: classThermalCamera_a695af965c773b862d297d8e80981e916_i
cgraph.pdf  used on input line 96.
(pdftex.def)             Requested size: 350.0pt x 89.51563pt.
 [62] <./classThermalCamera_a11db09e03718ed4d388b44817a0fe448_cgraph.pdf>
<classThermalCamera_a11db09e03718ed4d388b44817a0fe448_cgraph.pdf, id=2904, 435.
6275pt x 188.705pt>
File: classThermalCamera_a11db09e03718ed4d388b44817a0fe448_cgraph.pdf Graphic f
ile (type pdf)
<use classThermalCamera_a11db09e03718ed4d388b44817a0fe448_cgraph.pdf>
Package pdftex.def Info: classThermalCamera_a11db09e03718ed4d388b44817a0fe448_c
graph.pdf  used on input line 168.
(pdftex.def)             Requested size: 350.0pt x 151.61206pt.

[63]) (./classTypeError.tex <./classTypeError__inherit__graph.pdf>
<classTypeError__inherit__graph.pdf, id=2928, 184.69pt x 232.87pt>
File: classTypeError__inherit__graph.pdf Graphic file (type pdf)
<use classTypeError__inherit__graph.pdf>
Package pdftex.def Info: classTypeError__inherit__graph.pdf  used on input line
 14.
(pdftex.def)             Requested size: 184.0pt x 232.0024pt.
 <./classTypeError__coll__graph.pdf

pdfTeX warning: pdflatex (file ./classTypeError__coll__graph.pdf): PDF inclusio
n: multiple pdfs with page group included in a single page
>
<classTypeError__coll__graph.pdf, id=2936, 184.69pt x 232.87pt>
File: classTypeError__coll__graph.pdf Graphic file (type pdf)
<use classTypeError__coll__graph.pdf>
Package pdftex.def Info: classTypeError__coll__graph.pdf  used on input line 24
.
(pdftex.def)             Requested size: 184.0pt x 232.0024pt.
 [64]) (./classUser.tex <./classUser__coll__graph.pdf>
<classUser__coll__graph.pdf, id=2954, 183.68625pt x 248.93pt>
File: classUser__coll__graph.pdf Graphic file (type pdf)
<use classUser__coll__graph.pdf>
Package pdftex.def Info: classUser__coll__graph.pdf  used on input line 14.
(pdftex.def)             Requested size: 183.0pt x 248.01776pt.
 [65]
LaTeX Font Info:    Font shape `T1/phv/b/n' will be
(Font)              scaled to size 7.19995pt on input line 60.
 [66] <./classUser_a59e4926bc55186ab2a3d18e66082070b_icgraph.pdf

pdfTeX warning: pdflatex (file ./classUser_a59e4926bc55186ab2a3d18e66082070b_ic
graph.pdf): PDF inclusion: multiple pdfs with page group included in a single p
age
>
<classUser_a59e4926bc55186ab2a3d18e66082070b_icgraph.pdf, id=3012, 345.29pt x 1
00.375pt>
File: classUser_a59e4926bc55186ab2a3d18e66082070b_icgraph.pdf Graphic file (typ
e pdf)
<use classUser_a59e4926bc55186ab2a3d18e66082070b_icgraph.pdf>
Package pdftex.def Info: classUser_a59e4926bc55186ab2a3d18e66082070b_icgraph.pd
f  used on input line 121.
(pdftex.def)             Requested size: 344.0pt x 100.00102pt.
 <./classUser_a7b088ad8e156fa0a2b80dcd9aca7c9c1_icgraph.pdf

pdfTeX warning: pdflatex (file ./classUser_a7b088ad8e156fa0a2b80dcd9aca7c9c1_ic
graph.pdf): PDF inclusion: multiple pdfs with page group included in a single p
age
>
<classUser_a7b088ad8e156fa0a2b80dcd9aca7c9c1_icgraph.pdf, id=3022, 455.7025pt x
 100.375pt>
File: classUser_a7b088ad8e156fa0a2b80dcd9aca7c9c1_icgraph.pdf Graphic file (typ
e pdf)
<use classUser_a7b088ad8e156fa0a2b80dcd9aca7c9c1_icgraph.pdf>
Package pdftex.def Info: classUser_a7b088ad8e156fa0a2b80dcd9aca7c9c1_icgraph.pd
f  used on input line 153.
(pdftex.def)             Requested size: 350.0pt x 77.09445pt.
 [67] <./classUser_a1b4216b6f8a32430adae8e056a2bd410_icgraph.pdf>
<classUser_a1b4216b6f8a32430adae8e056a2bd410_icgraph.pdf, id=3041, 487.8225pt x
 138.5175pt>
File: classUser_a1b4216b6f8a32430adae8e056a2bd410_icgraph.pdf Graphic file (typ
e pdf)
<use classUser_a1b4216b6f8a32430adae8e056a2bd410_icgraph.pdf>
Package pdftex.def Info: classUser_a1b4216b6f8a32430adae8e056a2bd410_icgraph.pd
f  used on input line 202.
(pdftex.def)             Requested size: 350.0pt x 99.38376pt.
 [68] <./classUser_afeefc9388e112d5b88ba169695d7b799_icgraph.pdf>
<classUser_afeefc9388e112d5b88ba169695d7b799_icgraph.pdf, id=3060, 333.245pt x 
100.375pt>
File: classUser_afeefc9388e112d5b88ba169695d7b799_icgraph.pdf Graphic file (typ
e pdf)
<use classUser_afeefc9388e112d5b88ba169695d7b799_icgraph.pdf>
Package pdftex.def Info: classUser_afeefc9388e112d5b88ba169695d7b799_icgraph.pd
f  used on input line 252.
(pdftex.def)             Requested size: 332.0pt x 100.00716pt.
)
(./classUserNumException.tex [69] <./classUserNumException__inherit__graph.pdf>
<classUserNumException__inherit__graph.pdf, id=3076, 209.78375pt x 232.87pt>
File: classUserNumException__inherit__graph.pdf Graphic file (type pdf)
<use classUserNumException__inherit__graph.pdf>
Package pdftex.def Info: classUserNumException__inherit__graph.pdf  used on inp
ut line 14.
(pdftex.def)             Requested size: 209.0pt x 231.99884pt.
 <./classUserNumException__coll__graph.pdf

pdfTeX warning: pdflatex (file ./classUserNumException__coll__graph.pdf): PDF i
nclusion: multiple pdfs with page group included in a single page
>
<classUserNumException__coll__graph.pdf, id=3084, 209.78375pt x 232.87pt>
File: classUserNumException__coll__graph.pdf Graphic file (type pdf)
<use classUserNumException__coll__graph.pdf>
Package pdftex.def Info: classUserNumException__coll__graph.pdf  used on input 
line 24.
(pdftex.def)             Requested size: 209.0pt x 231.99884pt.
 [70]) [71] [72

]
Chapter 5.
(./AirConditionSensor_8cpp.tex <./AirConditionSensor_8cpp__incl.pdf

pdfTeX warning: pdflatex (file ./AirConditionSensor_8cpp__incl.pdf): PDF inclus
ion: multiple pdfs with page group included in a single page
>
<AirConditionSensor_8cpp__incl.pdf, id=3114, 388.45125pt x 269.005pt>
File: AirConditionSensor_8cpp__incl.pdf Graphic file (type pdf)
<use AirConditionSensor_8cpp__incl.pdf>
Package pdftex.def Info: AirConditionSensor_8cpp__incl.pdf  used on input line 
13.
(pdftex.def)             Requested size: 350.0pt x 242.38136pt.
) (./AirConditionSensor_8h.tex <./AirConditionSensor_8h__incl.pdf

pdfTeX warning: pdflatex (file ./AirConditionSensor_8h__incl.pdf): PDF inclusio
n: multiple pdfs with page group included in a single page
>
<AirConditionSensor_8h__incl.pdf, id=3123, 198.7425pt x 212.795pt>
File: AirConditionSensor_8h__incl.pdf Graphic file (type pdf)
<use AirConditionSensor_8h__incl.pdf>
Package pdftex.def Info: AirConditionSensor_8h__incl.pdf  used on input line 15
.
(pdftex.def)             Requested size: 198.0pt x 212.00543pt.
 [73] <./AirConditionSensor_8h__dep__incl.pdf>
<AirConditionSensor_8h__dep__incl.pdf, id=3138, 397.485pt x 156.585pt>
File: AirConditionSensor_8h__dep__incl.pdf Graphic file (type pdf)
<use AirConditionSensor_8h__dep__incl.pdf>
Package pdftex.def Info: AirConditionSensor_8h__dep__incl.pdf  used on input li
ne 23.
(pdftex.def)             Requested size: 350.0pt x 137.88362pt.
LaTeX Font Info:    Font shape `T1/phv/bc/n' will be
(Font)              scaled to size 8.99994pt on input line 36.

Underfull \hbox (badness 10000) detected at line 36
[][][]
 []


Underfull \hbox (badness 10000) detected at line 39
[][][]
 []

) (./Camera_8cpp.tex <./Camera_8cpp__incl.pdf

pdfTeX warning: pdflatex (file ./Camera_8cpp__incl.pdf): PDF inclusion: multipl
e pdfs with page group included in a single page
>
<Camera_8cpp__incl.pdf, id=3148, 180.675pt x 212.795pt>
File: Camera_8cpp__incl.pdf Graphic file (type pdf)
<use Camera_8cpp__incl.pdf>
Package pdftex.def Info: Camera_8cpp__incl.pdf  used on input line 10.
(pdftex.def)             Requested size: 180.0pt x 212.0022pt.
 [74]) (./Camera_8h.tex <./Camera_8h__incl.pdf>
<Camera_8h__incl.pdf, id=3164, 144.54pt x 156.585pt>
File: Camera_8h__incl.pdf Graphic file (type pdf)
<use Camera_8h__incl.pdf>
Package pdftex.def Info: Camera_8h__incl.pdf  used on input line 14.
(pdftex.def)             Requested size: 144.0pt x 156.00879pt.
 <./Camera_8h__dep__incl.pdf

pdfTeX warning: pdflatex (file ./Camera_8h__dep__incl.pdf): PDF inclusion: mult
iple pdfs with page group included in a single page
>
<Camera_8h__dep__incl.pdf, id=3172, 555.07375pt x 212.795pt>
File: Camera_8h__dep__incl.pdf Graphic file (type pdf)
<use Camera_8h__dep__incl.pdf>
Package pdftex.def Info: Camera_8h__dep__incl.pdf  used on input line 22.
(pdftex.def)             Requested size: 350.0pt x 134.17844pt.
 [75]
Underfull \hbox (badness 10000) detected at line 35
[][][]
 []


Underfull \hbox (badness 10000) detected at line 38
[][][]
 []

) (./Dashboard_8cpp.tex <./Dashboard_8cpp__incl.pdf>
<Dashboard_8cpp__incl.pdf, id=3188, 1302.8675pt x 381.425pt>
File: Dashboard_8cpp__incl.pdf Graphic file (type pdf)
<use Dashboard_8cpp__incl.pdf>
Package pdftex.def Info: Dashboard_8cpp__incl.pdf  used on input line 21.
(pdftex.def)             Requested size: 350.0pt x 102.46231pt.
) (./Dashboard_8h.tex
[76] <./Dashboard_8h__incl.pdf>
<Dashboard_8h__incl.pdf, id=3204, 259.97125pt x 325.215pt>
File: Dashboard_8h__incl.pdf Graphic file (type pdf)
<use Dashboard_8h__incl.pdf>
Package pdftex.def Info: Dashboard_8h__incl.pdf  used on input line 15.
(pdftex.def)             Requested size: 259.0pt x 323.99841pt.
 <./Dashboard_8h__dep__incl.pdf

pdfTeX warning: pdflatex (file ./Dashboard_8h__dep__incl.pdf): PDF inclusion: m
ultiple pdfs with page group included in a single page
>
<Dashboard_8h__dep__incl.pdf, id=3212, 249.93375pt x 156.585pt>
File: Dashboard_8h__dep__incl.pdf Graphic file (type pdf)
<use Dashboard_8h__dep__incl.pdf>
Package pdftex.def Info: Dashboard_8h__dep__incl.pdf  used on input line 23.
(pdftex.def)             Requested size: 249.0pt x 156.0064pt.
 [77]
Underfull \hbox (badness 10000) detected at line 36
[][][]
 []


Underfull \hbox (badness 10000) detected at line 39
[][][]
 []

) (./DataBase_8cpp.tex <./DataBase_8cpp__incl.pdf>
<DataBase_8cpp__incl.pdf, id=3230, 965.6075pt x 269.005pt>
File: DataBase_8cpp__incl.pdf Graphic file (type pdf)
<use DataBase_8cpp__incl.pdf>
Package pdftex.def Info: DataBase_8cpp__incl.pdf  used on input line 20.
(pdftex.def)             Requested size: 350.0pt x 97.50256pt.
) (./DataBase_8h.tex <./DataBase_8h__incl.pdf

pdfTeX warning: pdflatex (file ./DataBase_8h__incl.pdf): PDF inclusion: multipl
e pdfs with page group included in a single page
>
<DataBase_8h__incl.pdf, id=3238, 210.7875pt x 212.795pt>
File: DataBase_8h__incl.pdf Graphic file (type pdf)
<use DataBase_8h__incl.pdf>
Package pdftex.def Info: DataBase_8h__incl.pdf  used on input line 16.
(pdftex.def)             Requested size: 210.0pt x 212.00543pt.
 [78] <./DataBase_8h__dep__incl.pdf>
<DataBase_8h__dep__incl.pdf, id=3253, 361.35pt x 269.005pt>
File: DataBase_8h__dep__incl.pdf Graphic file (type pdf)
<use DataBase_8h__dep__incl.pdf>
Package pdftex.def Info: DataBase_8h__dep__incl.pdf  used on input line 24.
(pdftex.def)             Requested size: 350.0pt x 260.5569pt.
 [79]
Underfull \hbox (badness 10000) detected at line 37
[][][]
 []


Underfull \hbox (badness 10000) detected at line 40
[][][]
 []

) (./HumiditySensor_8cpp.tex <./HumiditySensor_8cpp__incl.pdf>
<HumiditySensor_8cpp__incl.pdf, id=3270, 375.4025pt x 269.005pt>
File: HumiditySensor_8cpp__incl.pdf Graphic file (type pdf)
<use HumiditySensor_8cpp__incl.pdf>
Package pdftex.def Info: HumiditySensor_8cpp__incl.pdf  used on input line 13.
(pdftex.def)             Requested size: 350.0pt x 250.81648pt.
)
(./HumiditySensor_8h.tex <./HumiditySensor_8h__incl.pdf

pdfTeX warning: pdflatex (file ./HumiditySensor_8h__incl.pdf): PDF inclusion: m
ultiple pdfs with page group included in a single page
>
<HumiditySensor_8h__incl.pdf, id=3279, 189.70876pt x 212.795pt>
File: HumiditySensor_8h__incl.pdf Graphic file (type pdf)
<use HumiditySensor_8h__incl.pdf>
Package pdftex.def Info: HumiditySensor_8h__incl.pdf  used on input line 15.
(pdftex.def)             Requested size: 189.0pt x 212.00543pt.
 [80] <./HumiditySensor_8h__dep__incl.pdf>
<HumiditySensor_8h__dep__incl.pdf, id=3293, 383.4325pt x 156.585pt>
File: HumiditySensor_8h__dep__incl.pdf Graphic file (type pdf)
<use HumiditySensor_8h__dep__incl.pdf>
Package pdftex.def Info: HumiditySensor_8h__dep__incl.pdf  used on input line 2
3.
(pdftex.def)             Requested size: 350.0pt x 142.93936pt.

Underfull \hbox (badness 10000) detected at line 36
[][][]
 []


Underfull \hbox (badness 10000) detected at line 39
[][][]
 []

) (./LigthLevelSensor_8cpp.tex <./LigthLevelSensor_8cpp__incl.pdf

pdfTeX warning: pdflatex (file ./LigthLevelSensor_8cpp__incl.pdf): PDF inclusio
n: multiple pdfs with page group included in a single page
>
<LigthLevelSensor_8cpp__incl.pdf, id=3303, 379.4175pt x 269.005pt>
File: LigthLevelSensor_8cpp__incl.pdf Graphic file (type pdf)
<use LigthLevelSensor_8cpp__incl.pdf>
Package pdftex.def Info: LigthLevelSensor_8cpp__incl.pdf  used on input line 13
.
(pdftex.def)             Requested size: 350.0pt x 248.15254pt.
 [81]) (./LigthLevelSensor_8h.tex <./LigthLevelSensor_8h__incl.pdf>
<LigthLevelSensor_8h__incl.pdf, id=3320, 191.71625pt x 212.795pt>
File: LigthLevelSensor_8h__incl.pdf Graphic file (type pdf)
<use LigthLevelSensor_8h__incl.pdf>
Package pdftex.def Info: LigthLevelSensor_8h__incl.pdf  used on input line 15.
(pdftex.def)             Requested size: 191.0pt x 212.01193pt.
 [82] <./LigthLevelSensor_8h__dep__incl.pdf>
<LigthLevelSensor_8h__dep__incl.pdf, id=3334, 388.45125pt x 156.585pt>
File: LigthLevelSensor_8h__dep__incl.pdf Graphic file (type pdf)
<use LigthLevelSensor_8h__dep__incl.pdf>
Package pdftex.def Info: LigthLevelSensor_8h__dep__incl.pdf  used on input line
 23.
(pdftex.def)             Requested size: 350.0pt x 141.08766pt.

Underfull \hbox (badness 10000) detected at line 36
[][][]
 []


Underfull \hbox (badness 10000) detected at line 39
[][][]
 []

) (./Login_8cpp.tex <./Login_8cpp__incl.pdf

pdfTeX warning: pdflatex (file ./Login_8cpp__incl.pdf): PDF inclusion: multiple
 pdfs with page group included in a single page
>
<Login_8cpp__incl.pdf, id=3344, 387.4475pt x 325.215pt>
File: Login_8cpp__incl.pdf Graphic file (type pdf)
<use Login_8cpp__incl.pdf>
Package pdftex.def Info: Login_8cpp__incl.pdf  used on input line 12.
(pdftex.def)             Requested size: 350.0pt x 293.78748pt.
 [83]) (./Login_8h.tex <./Login_8h__incl.pdf>
<Login_8h__incl.pdf, id=3361, 211.79124pt x 270.00874pt>
File: Login_8h__incl.pdf Graphic file (type pdf)
<use Login_8h__incl.pdf>
Package pdftex.def Info: Login_8h__incl.pdf  used on input line 16.
(pdftex.def)             Requested size: 211.0pt x 269.01103pt.
 [84] <./Login_8h__dep__incl.pdf>
<Login_8h__dep__incl.pdf, id=3376, 331.2375pt x 212.795pt>
File: Login_8h__dep__incl.pdf Graphic file (type pdf)
<use Login_8h__dep__incl.pdf>
Package pdftex.def Info: Login_8h__dep__incl.pdf  used on input line 24.
(pdftex.def)             Requested size: 330.0pt x 212.00868pt.
[85]
Underfull \hbox (badness 10000) detected at line 37
[][][]
 []


Underfull \hbox (badness 10000) detected at line 40
[][][]
 []

) (./main_8cpp.tex <./main_8cpp__incl.pdf>
<main_8cpp__incl.pdf, id=3393, 1403.2425pt x 381.425pt>
File: main_8cpp__incl.pdf Graphic file (type pdf)
<use main_8cpp__incl.pdf>
Package pdftex.def Info: main_8cpp__incl.pdf  used on input line 25.
(pdftex.def)             Requested size: 350.0pt x 95.13484pt.
 [86] <./main_8cpp_ae66f6b31b5ad750f1fe042a706a4e3d4_cgraph.pdf>
<main_8cpp_ae66f6b31b5ad750f1fe042a706a4e3d4_cgraph.pdf, id=3414, 286.06876pt x
 100.375pt>
File: main_8cpp_ae66f6b31b5ad750f1fe042a706a4e3d4_cgraph.pdf Graphic file (type
 pdf)
<use main_8cpp_ae66f6b31b5ad750f1fe042a706a4e3d4_cgraph.pdf>
Package pdftex.def Info: main_8cpp_ae66f6b31b5ad750f1fe042a706a4e3d4_cgraph.pdf
  used on input line 103.
(pdftex.def)             Requested size: 285.0pt x 100.00102pt.
) (./Microphone_8cpp.tex <./Microphone_8cpp__incl.pdf

pdfTeX warning: pdflatex (file ./Microphone_8cpp__incl.pdf): PDF inclusion: mul
tiple pdfs with page group included in a single page
>
<Microphone_8cpp__incl.pdf, id=3422, 341.275pt x 212.795pt>
File: Microphone_8cpp__incl.pdf Graphic file (type pdf)
<use Microphone_8cpp__incl.pdf>
Package pdftex.def Info: Microphone_8cpp__incl.pdf  used on input line 12.
(pdftex.def)             Requested size: 340.0pt x 212.01193pt.
 [87]) (./Microphone_8h.tex <./Microphone_8h__incl.pdf>
<Microphone_8h__incl.pdf, id=3436, 163.61125pt x 156.585pt>
File: Microphone_8h__incl.pdf Graphic file (type pdf)
<use Microphone_8h__incl.pdf>
Package pdftex.def Info: Microphone_8h__incl.pdf  used on input line 14.
(pdftex.def)             Requested size: 163.0pt x 155.99922pt.
 <./Microphone_8h__dep__incl.pdf

pdfTeX warning: pdflatex (file ./Microphone_8h__dep__incl.pdf): PDF inclusion: 
multiple pdfs with page group included in a single page
>
<Microphone_8h__dep__incl.pdf, id=3444, 362.35374pt x 156.585pt>
File: Microphone_8h__dep__incl.pdf Graphic file (type pdf)
<use Microphone_8h__dep__incl.pdf>
Package pdftex.def Info: Microphone_8h__dep__incl.pdf  used on input line 22.
(pdftex.def)             Requested size: 350.0pt x 151.24931pt.
 [88]
Underfull \hbox (badness 10000) detected at line 35
[][][]
 []


Underfull \hbox (badness 10000) detected at line 38
[][][]
 []

) (./NIFException_8cpp.tex <./NIFException_8cpp__incl.pdf>
<NIFException_8cpp__incl.pdf, id=3460, 181.67876pt x 212.795pt>
File: NIFException_8cpp__incl.pdf Graphic file (type pdf)
<use NIFException_8cpp__incl.pdf>
Package pdftex.def Info: NIFException_8cpp__incl.pdf  used on input line 9.
(pdftex.def)             Requested size: 181.0pt x 212.00543pt.
)
(./NIFException_8h.tex [89] <./NIFException_8h__incl.pdf>
<NIFException_8h__incl.pdf, id=3477, 170.6375pt x 156.585pt>
File: NIFException_8h__incl.pdf Graphic file (type pdf)
<use NIFException_8h__incl.pdf>
Package pdftex.def Info: NIFException_8h__incl.pdf  used on input line 14.
(pdftex.def)             Requested size: 170.0pt x 156.00879pt.
 <./NIFException_8h__dep__incl.pdf

pdfTeX warning: pdflatex (file ./NIFException_8h__dep__incl.pdf): PDF inclusion
: multiple pdfs with page group included in a single page
>
<NIFException_8h__dep__incl.pdf, id=3485, 468.75125pt x 156.585pt>
File: NIFException_8h__dep__incl.pdf Graphic file (type pdf)
<use NIFException_8h__dep__incl.pdf>
Package pdftex.def Info: NIFException_8h__dep__incl.pdf  used on input line 22.

(pdftex.def)             Requested size: 350.0pt x 116.91519pt.

Underfull \hbox (badness 10000) detected at line 35
[][][]
 []


Underfull \hbox (badness 10000) detected at line 38
[][][]
 []

) (./RGBCamera_8cpp.tex <./RGBCamera_8cpp__incl.pdf

pdfTeX warning: pdflatex (file ./RGBCamera_8cpp__incl.pdf): PDF inclusion: mult
iple pdfs with page group included in a single page
>
<RGBCamera_8cpp__incl.pdf, id=3495, 376.40625pt x 269.005pt>
File: RGBCamera_8cpp__incl.pdf Graphic file (type pdf)
<use RGBCamera_8cpp__incl.pdf>
Package pdftex.def Info: RGBCamera_8cpp__incl.pdf  used on input line 13.
(pdftex.def)             Requested size: 350.0pt x 250.15154pt.
 [90]) (./RGBCamera_8h.tex <./RGBCamera_8h__incl.pdf>
<RGBCamera_8h__incl.pdf, id=3512, 185.69376pt x 212.795pt>
File: RGBCamera_8h__incl.pdf Graphic file (type pdf)
<use RGBCamera_8h__incl.pdf>
Package pdftex.def Info: RGBCamera_8h__incl.pdf  used on input line 15.
(pdftex.def)             Requested size: 185.0pt x 212.00543pt.
 [91] <./RGBCamera_8h__dep__incl.pdf>
<RGBCamera_8h__dep__incl.pdf, id=3526, 364.36125pt x 156.585pt>
File: RGBCamera_8h__dep__incl.pdf Graphic file (type pdf)
<use RGBCamera_8h__dep__incl.pdf>
Package pdftex.def Info: RGBCamera_8h__dep__incl.pdf  used on input line 23.
(pdftex.def)             Requested size: 350.0pt x 150.41785pt.

Underfull \hbox (badness 10000) detected at line 36
[][][]
 []


Underfull \hbox (badness 10000) detected at line 39
[][][]
 []

) (./Sensor_8cpp.tex <./Sensor_8cpp__incl.pdf

pdfTeX warning: pdflatex (file ./Sensor_8cpp__incl.pdf): PDF inclusion: multipl
e pdfs with page group included in a single page
>
<Sensor_8cpp__incl.pdf, id=3536, 172.645pt x 212.795pt>
File: Sensor_8cpp__incl.pdf Graphic file (type pdf)
<use Sensor_8cpp__incl.pdf>
Package pdftex.def Info: Sensor_8cpp__incl.pdf  used on input line 10.
(pdftex.def)             Requested size: 172.0pt x 212.0022pt.
 [92]) (./Sensor_8h.tex <./Sensor_8h__incl.pdf>
<Sensor_8h__incl.pdf, id=3552, 140.525pt x 156.585pt>
File: Sensor_8h__incl.pdf Graphic file (type pdf)
<use Sensor_8h__incl.pdf>
Package pdftex.def Info: Sensor_8h__incl.pdf  used on input line 14.
(pdftex.def)             Requested size: 140.0pt x 156.00879pt.
 <./Sensor_8h__dep__incl.pdf

pdfTeX warning: pdflatex (file ./Sensor_8h__dep__incl.pdf): PDF inclusion: mult
iple pdfs with page group included in a single page
>
<Sensor_8h__dep__incl.pdf, id=3560, 931.48pt x 212.795pt>
File: Sensor_8h__dep__incl.pdf Graphic file (type pdf)
<use Sensor_8h__dep__incl.pdf>
Package pdftex.def Info: Sensor_8h__dep__incl.pdf  used on input line 22.
(pdftex.def)             Requested size: 350.0pt x 79.95702pt.
 [93]
Underfull \hbox (badness 10000) detected at line 35
[][][]
 []


Underfull \hbox (badness 10000) detected at line 38
[][][]
 []

) (./StringException_8cpp.tex <./StringException_8cpp__incl.pdf>
<StringException_8cpp__incl.pdf, id=3577, 193.72375pt x 212.795pt>
File: StringException_8cpp__incl.pdf Graphic file (type pdf)
<use StringException_8cpp__incl.pdf>
Package pdftex.def Info: StringException_8cpp__incl.pdf  used on input line 9.
(pdftex.def)             Requested size: 193.0pt x 212.0022pt.
)
(./StringException_8h.tex <./StringException_8h__incl.pdf

pdfTeX warning: pdflatex (file ./StringException_8h__incl.pdf): PDF inclusion: 
multiple pdfs with page group included in a single page
>
<StringException_8h__incl.pdf, id=3585, 182.6825pt x 156.585pt>
File: StringException_8h__incl.pdf Graphic file (type pdf)
<use StringException_8h__incl.pdf>
Package pdftex.def Info: StringException_8h__incl.pdf  used on input line 14.
(pdftex.def)             Requested size: 182.0pt x 156.0064pt.
 [94] <./StringException_8h__dep__incl.pdf>
<StringException_8h__dep__incl.pdf, id=3600, 378.41376pt x 156.585pt>
File: StringException_8h__dep__incl.pdf Graphic file (type pdf)
<use StringException_8h__dep__incl.pdf>
Package pdftex.def Info: StringException_8h__dep__incl.pdf  used on input line 
22.
(pdftex.def)             Requested size: 350.0pt x 144.82928pt.

Underfull \hbox (badness 10000) detected at line 35
[][][]
 []


Underfull \hbox (badness 10000) detected at line 38
[][][]
 []

) (./TemperatureSensor_8cpp.tex <./TemperatureSensor_8cpp__incl.pdf

pdfTeX warning: pdflatex (file ./TemperatureSensor_8cpp__incl.pdf): PDF inclusi
on: multiple pdfs with page group included in a single page
>
<TemperatureSensor_8cpp__incl.pdf, id=3610, 390.45876pt x 269.005pt>
File: TemperatureSensor_8cpp__incl.pdf Graphic file (type pdf)
<use TemperatureSensor_8cpp__incl.pdf>
Package pdftex.def Info: TemperatureSensor_8cpp__incl.pdf  used on input line 1
3.
(pdftex.def)             Requested size: 350.0pt x 241.14175pt.
) (./TemperatureSensor_8h.tex [95] <./TemperatureSensor_8h__incl.pdf>
<TemperatureSensor_8h__incl.pdf, id=3628, 199.74625pt x 212.795pt>
File: TemperatureSensor_8h__incl.pdf Graphic file (type pdf)
<use TemperatureSensor_8h__incl.pdf>
Package pdftex.def Info: TemperatureSensor_8h__incl.pdf  used on input line 15.

(pdftex.def)             Requested size: 199.0pt x 212.01193pt.
 [96] <./TemperatureSensor_8h__dep__incl.pdf>
<TemperatureSensor_8h__dep__incl.pdf, id=3642, 399.4925pt x 156.585pt>
File: TemperatureSensor_8h__dep__incl.pdf Graphic file (type pdf)
<use TemperatureSensor_8h__dep__incl.pdf>
Package pdftex.def Info: TemperatureSensor_8h__dep__incl.pdf  used on input lin
e 23.
(pdftex.def)             Requested size: 350.0pt x 137.19312pt.

Underfull \hbox (badness 10000) detected at line 36
[][][]
 []


Underfull \hbox (badness 10000) detected at line 39
[][][]
 []

) (./ThermalCamera_8cpp.tex <./ThermalCamera_8cpp__incl.pdf

pdfTeX warning: pdflatex (file ./ThermalCamera_8cpp__incl.pdf): PDF inclusion: 
multiple pdfs with page group included in a single page
>
<ThermalCamera_8cpp__incl.pdf, id=3652, 314.17375pt x 269.005pt>
File: ThermalCamera_8cpp__incl.pdf Graphic file (type pdf)
<use ThermalCamera_8cpp__incl.pdf>
Package pdftex.def Info: ThermalCamera_8cpp__incl.pdf  used on input line 12.
(pdftex.def)             Requested size: 313.0pt x 268.01099pt.
 [97]) (./ThermalCamera_8h.tex <./ThermalCamera_8h__incl.pdf>
<ThermalCamera_8h__incl.pdf, id=3669, 194.7275pt x 212.795pt>
File: ThermalCamera_8h__incl.pdf Graphic file (type pdf)
<use ThermalCamera_8h__incl.pdf>
Package pdftex.def Info: ThermalCamera_8h__incl.pdf  used on input line 15.
(pdftex.def)             Requested size: 194.0pt x 212.00868pt.
 [98] <./ThermalCamera_8h__dep__incl.pdf>
<ThermalCamera_8h__dep__incl.pdf, id=3683, 384.43625pt x 156.585pt>
File: ThermalCamera_8h__dep__incl.pdf Graphic file (type pdf)
<use ThermalCamera_8h__dep__incl.pdf>
Package pdftex.def Info: ThermalCamera_8h__dep__incl.pdf  used on input line 23
.
(pdftex.def)             Requested size: 350.0pt x 142.56902pt.

Underfull \hbox (badness 10000) detected at line 36
[][][]
 []


Underfull \hbox (badness 10000) detected at line 39
[][][]
 []

) (./TypeError_8cpp.tex <./TypeError_8cpp__incl.pdf

pdfTeX warning: pdflatex (file ./TypeError_8cpp__incl.pdf): PDF inclusion: mult
iple pdfs with page group included in a single page
>
<TypeError_8cpp__incl.pdf, id=3693, 162.6075pt x 212.795pt>
File: TypeError_8cpp__incl.pdf Graphic file (type pdf)
<use TypeError_8cpp__incl.pdf>
Package pdftex.def Info: TypeError_8cpp__incl.pdf  used on input line 9.
(pdftex.def)             Requested size: 162.0pt x 212.01518pt.
) (./TypeError_8h.tex [99] <./TypeError_8h__incl.pdf>
<TypeError_8h__incl.pdf, id=3709, 151.56625pt x 156.585pt>
File: TypeError_8h__incl.pdf Graphic file (type pdf)
<use TypeError_8h__incl.pdf>
Package pdftex.def Info: TypeError_8h__incl.pdf  used on input line 14.
(pdftex.def)             Requested size: 151.0pt x 156.00162pt.
 <./TypeError_8h__dep__incl.pdf

pdfTeX warning: pdflatex (file ./TypeError_8h__dep__incl.pdf): PDF inclusion: m
ultiple pdfs with page group included in a single page
>
<TypeError_8h__dep__incl.pdf, id=3717, 264.99pt x 156.585pt>
File: TypeError_8h__dep__incl.pdf Graphic file (type pdf)
<use TypeError_8h__dep__incl.pdf>
Package pdftex.def Info: TypeError_8h__dep__incl.pdf  used on input line 22.
(pdftex.def)             Requested size: 264.0pt x 156.01117pt.
 [100]
Underfull \hbox (badness 10000) detected at line 35
[][][]
 []


Underfull \hbox (badness 10000) detected at line 38
[][][]
 []

) (./User_8cpp.tex <./User_8cpp__incl.pdf>
<User_8cpp__incl.pdf, id=3734, 481.8pt x 212.795pt>
File: User_8cpp__incl.pdf Graphic file (type pdf)
<use User_8cpp__incl.pdf>
Package pdftex.def Info: User_8cpp__incl.pdf  used on input line 13.
(pdftex.def)             Requested size: 350.0pt x 154.58574pt.
) (./User_8h.tex [101] <./User_8h__incl.pdf>
<User_8h__incl.pdf, id=3751, 140.525pt x 156.585pt>
File: User_8h__incl.pdf Graphic file (type pdf)
<use User_8h__incl.pdf>
Package pdftex.def Info: User_8h__incl.pdf  used on input line 14.
(pdftex.def)             Requested size: 140.0pt x 156.00879pt.
 <./User_8h__dep__incl.pdf

pdfTeX warning: pdflatex (file ./User_8h__dep__incl.pdf): PDF inclusion: multip
le pdfs with page group included in a single page
>
<User_8h__dep__incl.pdf, id=3759, 612.2875pt x 325.215pt>
File: User_8h__dep__incl.pdf Graphic file (type pdf)
<use User_8h__dep__incl.pdf>
Package pdftex.def Info: User_8h__dep__incl.pdf  used on input line 22.
(pdftex.def)             Requested size: 350.0pt x 185.90048pt.

Underfull \hbox (badness 10000) detected at line 35
[][][]
 []


Underfull \hbox (badness 10000) detected at line 38
[][][]
 []

) (./UserNumException_8cpp.tex <./UserNumException_8cpp__incl.pdf

pdfTeX warning: pdflatex (file ./UserNumException_8cpp__incl.pdf): PDF inclusio
n: multiple pdfs with page group included in a single page
>
<UserNumException_8cpp__incl.pdf, id=3768, 211.79124pt x 212.795pt>
File: UserNumException_8cpp__incl.pdf Graphic file (type pdf)
<use UserNumException_8cpp__incl.pdf>
Package pdftex.def Info: UserNumException_8cpp__incl.pdf  used on input line 9.

(pdftex.def)             Requested size: 211.0pt x 212.00868pt.
 [102]) (./UserNumException_8h.tex <./UserNumException_8h__incl.pdf>
<UserNumException_8h__incl.pdf, id=3784, 199.74625pt x 156.585pt>
File: UserNumException_8h__incl.pdf Graphic file (type pdf)
<use UserNumException_8h__incl.pdf>
Package pdftex.def Info: UserNumException_8h__incl.pdf  used on input line 14.
(pdftex.def)             Requested size: 199.0pt x 156.00879pt.
 <./UserNumException_8h__dep__incl.pdf

pdfTeX warning: pdflatex (file ./UserNumException_8h__dep__incl.pdf): PDF inclu
sion: multiple pdfs with page group included in a single page
>
<UserNumException_8h__dep__incl.pdf, id=3792, 498.86375pt x 156.585pt>
File: UserNumException_8h__dep__incl.pdf Graphic file (type pdf)
<use UserNumException_8h__dep__incl.pdf>
Package pdftex.def Info: UserNumException_8h__dep__incl.pdf  used on input line
 22.
(pdftex.def)             Requested size: 350.0pt x 109.862pt.
 [103]
Underfull \hbox (badness 10000) detected at line 35
[][][]
 []


Underfull \hbox (badness 10000) detected at line 38
[][][]
 []

) [104] (./refman.ind [105



] [106] [107]) (./refman.aux)
Package rerunfilecheck Info: File `refman.out' has not changed.
(rerunfilecheck)             Checksum: D22D8C4126D4642DE967D3B24967CE1E;49446.
 ) 
Here is how much of TeX's memory you used:
 19490 strings out of 480247
 349105 string characters out of 5896150
 653717 words of memory out of 5000000
 36324 multiletter control sequences out of 15000+600000
 519851 words of font info for 95 fonts, out of 8000000 for 9000
 14 hyphenation exceptions out of 8191
 99i,16n,117p,2075b,430s stack positions out of 5000i,500n,10000p,200000b,80000s
{/usr/share/texlive/texmf-dist/fonts/enc/dvips/base/8r.enc}</usr/share/texliv
e/texmf-dist/fonts/type1/public/amsfonts/cm/cmmi10.pfb></usr/share/texlive/texm
f-dist/fonts/type1/public/amsfonts/cm/cmmi7.pfb></usr/share/texlive/texmf-dist/
fonts/type1/public/amsfonts/cm/cmmi8.pfb></usr/share/texlive/texmf-dist/fonts/t
ype1/public/amsfonts/cm/cmsy10.pfb></usr/share/texlive/texmf-dist/fonts/type1/p
ublic/amsfonts/cm/cmsy7.pfb></usr/share/texlive/texmf-dist/fonts/type1/public/a
msfonts/cm/cmsy8.pfb></usr/share/texlive/texmf-dist/fonts/type1/urw/courier/ucr
b8a.pfb></usr/share/texlive/texmf-dist/fonts/type1/urw/courier/ucrr8a.pfb></usr
/share/texlive/texmf-dist/fonts/type1/urw/courier/ucrro8a.pfb></usr/share/texli
ve/texmf-dist/fonts/type1/urw/helvetic/uhvb8a.pfb></usr/share/texlive/texmf-dis
t/fonts/type1/urw/helvetic/uhvb8ac.pfb></usr/share/texlive/texmf-dist/fonts/typ
e1/urw/helvetic/uhvr8a.pfb>
Output written on refman.pdf (115 pages, 1104736 bytes).
PDF statistics:
 4275 PDF objects out of 4296 (max. 8388607)
 3677 compressed objects within 37 object streams
 677 named destinations out of 1000 (max. 500000)
 2541 words of extra memory for PDF output out of 10000 (max. 10000000)

